  imgui-SFML.cpp
D:\Programming\C++\CircuitSimulator_SFML\dependencies\imgui\imgui-SFML.cpp(559,67): warning C4244: 'argument': conversion from 'const int' to 'float', possible loss of data
D:\Programming\C++\CircuitSimulator_SFML\dependencies\imgui\imgui-SFML.cpp(559,48): warning C4244: 'argument': conversion from 'const int' to 'float', possible loss of data
  imgui.cpp
  imgui_draw.cpp
  imgui_tables.cpp
  imgui_widgets.cpp
  Circiut_Sim_main.cpp
D:\Programming\C++\CircuitSimulator_SFML\Circiut_Sim\src\Circuit_Entity.hpp(5,10): warning C4067: unexpected tokens following preprocessor directive - expected a newline
D:\Programming\C++\CircuitSimulator_SFML\Circiut_Sim\src\Circuit_Entity.hpp(92,22): warning C4018: '<': signed/unsigned mismatch
D:\Programming\C++\CircuitSimulator_SFML\Circiut_Sim\src\Circuit_Entity.hpp(151,54): warning C4244: 'argument': conversion from 'int' to 'float', possible loss of data
D:\Programming\C++\CircuitSimulator_SFML\Circiut_Sim\src\Circuit_Entity.hpp(189,75): warning C4244: '=': conversion from 'int' to 'T', possible loss of data
          with
          [
              T=float
          ]
D:\Programming\C++\CircuitSimulator_SFML\Circiut_Sim\src\Circuit_Entity.hpp(189,98): warning C4244: '=': conversion from 'int' to 'T', possible loss of data
          with
          [
              T=float
          ]
D:\Programming\C++\CircuitSimulator_SFML\Circiut_Sim\src\Circuit_Entity.hpp(190,81): warning C4244: '=': conversion from 'int' to 'T', possible loss of data
          with
          [
              T=float
          ]
D:\Programming\C++\CircuitSimulator_SFML\Circiut_Sim\src\Circuit_Entity.hpp(190,104): warning C4244: '=': conversion from 'int' to 'T', possible loss of data
          with
          [
              T=float
          ]
D:\Programming\C++\CircuitSimulator_SFML\Circiut_Sim\src\Circuit_Entity.hpp(191,82): warning C4244: '=': conversion from 'int' to 'T', possible loss of data
          with
          [
              T=float
          ]
D:\Programming\C++\CircuitSimulator_SFML\Circiut_Sim\src\Circuit_Entity.hpp(191,105): warning C4244: '=': conversion from 'int' to 'T', possible loss of data
          with
          [
              T=float
          ]
D:\Programming\C++\CircuitSimulator_SFML\Circiut_Sim\src\Circuit_Entity.hpp(192,82): warning C4244: '=': conversion from 'int' to 'T', possible loss of data
          with
          [
              T=float
          ]
D:\Programming\C++\CircuitSimulator_SFML\Circiut_Sim\src\Circuit_Entity.hpp(192,105): warning C4244: '=': conversion from 'int' to 'T', possible loss of data
          with
          [
              T=float
          ]
D:\Programming\C++\CircuitSimulator_SFML\Circiut_Sim\src\Circuit_GUI.hpp(78,21): warning C4018: '<': signed/unsigned mismatch
D:\Programming\C++\CircuitSimulator_SFML\Circiut_Sim\src\Circuit_GUI.hpp(79,21): warning C4018: '<': signed/unsigned mismatch
D:\Programming\C++\CircuitSimulator_SFML\Circiut_Sim\src\Circuit_GUI.hpp(103,21): warning C4018: '<': signed/unsigned mismatch
D:\Programming\C++\CircuitSimulator_SFML\Circiut_Sim\src\Circuit_GUI.hpp(107,21): warning C4018: '<': signed/unsigned mismatch
D:\Programming\C++\CircuitSimulator_SFML\Circiut_Sim\src\Circuit_GUI.hpp(130,21): warning C4018: '<': signed/unsigned mismatch
D:\Programming\C++\CircuitSimulator_SFML\Circiut_Sim\src\Circuit_GUI.hpp(134,21): warning C4018: '<': signed/unsigned mismatch
D:\Programming\C++\CircuitSimulator_SFML\Circiut_Sim\src\Circuit_GUI.hpp(149,21): warning C4018: '<': signed/unsigned mismatch
D:\Programming\C++\CircuitSimulator_SFML\Circiut_Sim\src\Circuit_GUI.hpp(152,21): warning C4018: '<': signed/unsigned mismatch
D:\Programming\C++\CircuitSimulator_SFML\Circiut_Sim\src\Circuit_GUI.hpp(156,21): warning C4018: '<': signed/unsigned mismatch
D:\Programming\C++\CircuitSimulator_SFML\Circiut_Sim\src\Circuit_GUI.hpp(159,21): warning C4018: '<': signed/unsigned mismatch
D:\Programming\C++\CircuitSimulator_SFML\Circiut_Sim\src\Circuit_GUI.hpp(167,21): warning C4018: '<': signed/unsigned mismatch
D:\Programming\C++\CircuitSimulator_SFML\Circiut_Sim\src\Circuit_GUI.hpp(177,23): warning C4018: '<': signed/unsigned mismatch
D:\Programming\C++\CircuitSimulator_SFML\Circiut_Sim\src\Circuit_GUI.hpp(187,20): warning C4018: '<=': signed/unsigned mismatch
D:\Programming\C++\CircuitSimulator_SFML\Circiut_Sim\src\Circuit_GUI.hpp(194,20): warning C4018: '<': signed/unsigned mismatch
D:\Programming\C++\CircuitSimulator_SFML\Circiut_Sim\src\Circuit_GUI.hpp(210,21): warning C4018: '<': signed/unsigned mismatch
D:\Programming\C++\CircuitSimulator_SFML\Circiut_Sim\src\Circuit_GUI.hpp(260,21): warning C4018: '<': signed/unsigned mismatch
D:\Programming\C++\CircuitSimulator_SFML\Circiut_Sim\src\Circuit_GUI.hpp(283,22): warning C4018: '<': signed/unsigned mismatch
D:\Programming\C++\CircuitSimulator_SFML\Circiut_Sim\src\Circuit_GUI.hpp(296,22): warning C4018: '<': signed/unsigned mismatch
D:\Programming\C++\CircuitSimulator_SFML\Circiut_Sim\src\Circuit_GUI.hpp(320,21): warning C4018: '<': signed/unsigned mismatch
D:\Programming\C++\CircuitSimulator_SFML\Circiut_Sim\src\Circuit_GUI.hpp(385,21): warning C4018: '<': signed/unsigned mismatch
D:\Programming\C++\CircuitSimulator_SFML\Circiut_Sim\src\Circuit_GUI.hpp(443,58): warning C4244: '=': conversion from 'int' to 'T', possible loss of data
          with
          [
              T=float
          ]
D:\Programming\C++\CircuitSimulator_SFML\Circiut_Sim\src\Circuit_GUI.hpp(443,97): warning C4244: '=': conversion from 'int' to 'T', possible loss of data
          with
          [
              T=float
          ]
D:\Programming\C++\CircuitSimulator_SFML\Circiut_Sim\src\Circuit_GUI.hpp(444,58): warning C4244: '=': conversion from 'int' to 'T', possible loss of data
          with
          [
              T=float
          ]
D:\Programming\C++\CircuitSimulator_SFML\Circiut_Sim\src\Circuit_GUI.hpp(444,97): warning C4244: '=': conversion from 'int' to 'T', possible loss of data
          with
          [
              T=float
          ]
D:\Programming\C++\CircuitSimulator_SFML\Circiut_Sim\src\Circuit_GUI.hpp(445,58): warning C4244: '=': conversion from 'int' to 'T', possible loss of data
          with
          [
              T=float
          ]
D:\Programming\C++\CircuitSimulator_SFML\Circiut_Sim\src\Circuit_GUI.hpp(445,97): warning C4244: '=': conversion from 'int' to 'T', possible loss of data
          with
          [
              T=float
          ]
D:\Programming\C++\CircuitSimulator_SFML\Circiut_Sim\src\Circuit_GUI.hpp(446,58): warning C4244: '=': conversion from 'int' to 'T', possible loss of data
          with
          [
              T=float
          ]
D:\Programming\C++\CircuitSimulator_SFML\Circiut_Sim\src\Circuit_GUI.hpp(446,97): warning C4244: '=': conversion from 'int' to 'T', possible loss of data
          with
          [
              T=float
          ]
D:\Programming\C++\CircuitSimulator_SFML\Circiut_Sim\src\Circuit_GUI.hpp(500,122): warning C4244: 'argument': conversion from 'const T' to 'sf::Uint8', possible loss of data
          with
          [
              T=float
          ]
D:\Programming\C++\CircuitSimulator_SFML\Circiut_Sim\src\Circuit_GUI.hpp(500,95): warning C4244: 'argument': conversion from 'const T' to 'sf::Uint8', possible loss of data
          with
          [
              T=float
          ]
D:\Programming\C++\CircuitSimulator_SFML\Circiut_Sim\src\Circuit_GUI.hpp(500,65): warning C4244: 'argument': conversion from 'const T' to 'sf::Uint8', possible loss of data
          with
          [
              T=float
          ]
D:\Programming\C++\CircuitSimulator_SFML\Circiut_Sim\src\Circuit_GUI.hpp(540,46): warning C4244: '=': conversion from 'double' to 'int', possible loss of data
D:\Programming\C++\CircuitSimulator_SFML\Circiut_Sim\src\Circuit_GUI.hpp(542,51): warning C4244: '=': conversion from 'float' to 'int', possible loss of data
D:\Programming\C++\CircuitSimulator_SFML\Circiut_Sim\src\Circuit_GUI.hpp(555,69): warning C4244: 'argument': conversion from 'T' to 'T', possible loss of data
          with
          [
              T=unsigned int
          ]
          and
          [
              T=float
          ]
D:\Programming\C++\CircuitSimulator_SFML\Circiut_Sim\src\Circuit_GUI.hpp(555,48): warning C4244: 'argument': conversion from 'T' to 'T', possible loss of data
          with
          [
              T=unsigned int
          ]
          and
          [
              T=float
          ]
D:\Programming\C++\CircuitSimulator_SFML\Circiut_Sim\src\Circuit_GUI.hpp(606,31): warning C4244: 'argument': conversion from 'int' to 'T', possible loss of data
          with
          [
              T=float
          ]
D:\Programming\C++\CircuitSimulator_SFML\Circiut_Sim\src\Circuit_GUI.hpp(610,22): warning C4018: '<': signed/unsigned mismatch
D:\Programming\C++\CircuitSimulator_SFML\Circiut_Sim\src\Circuit_GUI.hpp(611,85): warning C4244: 'argument': conversion from 'int' to 'float', possible loss of data
D:\Programming\C++\CircuitSimulator_SFML\Circiut_Sim\src\Circuit_GUI.hpp(611,74): warning C4244: 'argument': conversion from 'int' to 'float', possible loss of data
D:\Programming\C++\CircuitSimulator_SFML\Circiut_Sim\src\Circuit_GUI.hpp(617,19): warning C4244: '=': conversion from 'int' to 'T', possible loss of data
          with
          [
              T=float
          ]
D:\Programming\C++\CircuitSimulator_SFML\Circiut_Sim\src\Circuit_GUI.hpp(621,22): warning C4018: '<': signed/unsigned mismatch
D:\Programming\C++\CircuitSimulator_SFML\Circiut_Sim\src\Circuit_GUI.hpp(622,91): warning C4244: 'argument': conversion from 'int' to 'float', possible loss of data
D:\Programming\C++\CircuitSimulator_SFML\Circiut_Sim\src\Circuit_GUI.hpp(622,27): warning C4244: 'argument': conversion from 'int' to 'float', possible loss of data
D:\Programming\C++\CircuitSimulator_SFML\Circiut_Sim\src\Circuit_GUI.hpp(668,49): warning C4244: 'argument': conversion from 'T' to 'float', possible loss of data
          with
          [
              T=unsigned int
          ]
D:\Programming\C++\CircuitSimulator_SFML\Circiut_Sim\src\Circuit_GUI.hpp(729,63): warning C4244: 'argument': conversion from 'float' to 'unsigned int', possible loss of data
D:\Programming\C++\CircuitSimulator_SFML\Circiut_Sim\src\Circuit_GUI.hpp(729,40): warning C4244: 'argument': conversion from 'float' to 'unsigned int', possible loss of data
D:\Programming\C++\CircuitSimulator_SFML\Circiut_Sim\src\Circuit_GUI.hpp(733,22): warning C4018: '<': signed/unsigned mismatch
D:\Programming\C++\CircuitSimulator_SFML\Circiut_Sim\src\Circuit_GUI.hpp(752,24): warning C4018: '<': signed/unsigned mismatch
D:\Programming\C++\CircuitSimulator_SFML\Circiut_Sim\src\Circuit_GUI.hpp(753,25): warning C4018: '<': signed/unsigned mismatch
D:\Programming\C++\CircuitSimulator_SFML\Circiut_Sim\src\Circuit_GUI.hpp(777,39): warning C4018: '<': signed/unsigned mismatch
D:\Programming\C++\CircuitSimulator_SFML\Circiut_Sim\src\Circuit_GUI.hpp(778,41): warning C4018: '<': signed/unsigned mismatch
D:\Programming\C++\CircuitSimulator_SFML\Circiut_Sim\src\Circuit_GUI.hpp(782,43): warning C4244: 'argument': conversion from 'float' to 'unsigned int', possible loss of data
D:\Programming\C++\CircuitSimulator_SFML\Circiut_Sim\src\Circuit_GUI.hpp(782,33): warning C4244: 'argument': conversion from 'float' to 'unsigned int', possible loss of data
D:\Programming\C++\CircuitSimulator_SFML\Circiut_Sim\src\Circuit_GUI.hpp(800,33): warning C4018: '<': signed/unsigned mismatch
D:\Programming\C++\CircuitSimulator_SFML\Circiut_Sim\src\Circuit_GUI.hpp(830,57): warning C4244: 'argument': conversion from 'int' to 'float', possible loss of data
D:\Programming\C++\CircuitSimulator_SFML\Circiut_Sim\src\Circuit_GUI.hpp(830,66): warning C4244: 'argument': conversion from 'int' to 'float', possible loss of data
D:\Programming\C++\CircuitSimulator_SFML\Circiut_Sim\src\Circuit_GUI.hpp(839,22): warning C4018: '<': signed/unsigned mismatch
D:\Programming\C++\CircuitSimulator_SFML\Circiut_Sim\src\Circuit_GUI.hpp(841,26): warning C4244: '=': conversion from 'int' to 'float', possible loss of data
D:\Programming\C++\CircuitSimulator_SFML\Circiut_Sim\src\Circuit_GUI.hpp(842,26): warning C4244: '=': conversion from 'int' to 'float', possible loss of data
D:\Programming\C++\CircuitSimulator_SFML\Circiut_Sim\src\Circuit_GUI.hpp(879,33): warning C4018: '<': signed/unsigned mismatch
D:\Programming\C++\CircuitSimulator_SFML\Circiut_Sim\src\Circuit_GUI.hpp(904,39): warning C4018: '<': signed/unsigned mismatch
D:\Programming\C++\CircuitSimulator_SFML\Circiut_Sim\src\Circuit_GUI.hpp(925,26): warning C4018: '<': signed/unsigned mismatch
D:\Programming\C++\CircuitSimulator_SFML\Circiut_Sim\src\Circuit_GUI.hpp(934,34): warning C4244: '=': conversion from 'T' to 'int', possible loss of data
          with
          [
              T=float
          ]
D:\Programming\C++\CircuitSimulator_SFML\Circiut_Sim\src\Circuit_GUI.hpp(935,34): warning C4244: '=': conversion from 'T' to 'int', possible loss of data
          with
          [
              T=float
          ]
D:\Programming\C++\CircuitSimulator_SFML\Circiut_Sim\src\Circuit_GUI.hpp(940,58): warning C4018: '<=': signed/unsigned mismatch
D:\Programming\C++\CircuitSimulator_SFML\Circiut_Sim\src\Circuit_GUI.hpp(945,57): warning C4244: 'argument': conversion from 'int' to 'float', possible loss of data
D:\Programming\C++\CircuitSimulator_SFML\Circiut_Sim\src\Circuit_GUI.hpp(945,66): warning C4244: 'argument': conversion from 'int' to 'float', possible loss of data
D:\Programming\C++\CircuitSimulator_SFML\Circiut_Sim\src\Circuit_GUI.hpp(955,24): warning C4018: '<': signed/unsigned mismatch
D:\Programming\C++\CircuitSimulator_SFML\Circiut_Sim\src\Circuit_GUI.hpp(964,22): warning C4018: '<': signed/unsigned mismatch
D:\Programming\C++\CircuitSimulator_SFML\Circiut_Sim\src\Circuit_Windows_Stuff.hpp(17,20): warning C4018: '<': signed/unsigned mismatch
D:\Programming\C++\CircuitSimulator_SFML\Circiut_Sim\src\Circuit_Windows_Stuff.hpp(49,20): warning C4018: '<': signed/unsigned mismatch
D:\Programming\C++\CircuitSimulator_SFML\Circiut_Sim\src\Circiut_Sim_main.cpp(55,21): warning C4305: 'initializing': truncation from 'double' to 'float'
D:\Programming\C++\CircuitSimulator_SFML\Circiut_Sim\src\Circiut_Sim_main.cpp(65,12): warning C4244: 'argument': conversion from 'time_t' to 'unsigned int', possible loss of data
D:\Programming\C++\CircuitSimulator_SFML\Circiut_Sim\src\Circiut_Sim_main.cpp(143,180): warning C4244: 'argument': conversion from 'int' to 'T', possible loss of data
          with
          [
              T=float
          ]
D:\Programming\C++\CircuitSimulator_SFML\Circiut_Sim\src\Circiut_Sim_main.cpp(143,158): warning C4244: 'argument': conversion from 'int' to 'T', possible loss of data
          with
          [
              T=float
          ]
D:\Programming\C++\CircuitSimulator_SFML\Circiut_Sim\src\Circiut_Sim_main.cpp(143,113): warning C4244: 'argument': conversion from 'int' to 'T', possible loss of data
          with
          [
              T=float
          ]
D:\Programming\C++\CircuitSimulator_SFML\Circiut_Sim\src\Circiut_Sim_main.cpp(143,59): warning C4244: 'argument': conversion from 'int' to 'T', possible loss of data
          with
          [
              T=float
          ]
D:\Programming\C++\CircuitSimulator_SFML\Circiut_Sim\src\Circiut_Sim_main.cpp(221,24): warning C4018: '<': signed/unsigned mismatch
D:\Programming\C++\CircuitSimulator_SFML\Circiut_Sim\src\Circiut_Sim_main.cpp(221,48): warning C4018: '<': signed/unsigned mismatch
D:\Programming\C++\CircuitSimulator_SFML\Circiut_Sim\src\Circiut_Sim_main.cpp(233,40): warning C4018: '<': signed/unsigned mismatch
D:\Programming\C++\CircuitSimulator_SFML\Circiut_Sim\src\Circiut_Sim_main.cpp(262,25): warning C4018: '<': signed/unsigned mismatch
D:\Programming\C++\CircuitSimulator_SFML\Circiut_Sim\src\Circiut_Sim_main.cpp(267,52): warning C4018: '<': signed/unsigned mismatch
D:\Programming\C++\CircuitSimulator_SFML\Circiut_Sim\src\Circiut_Sim_main.cpp(388,44): warning C4244: '=': conversion from 'int' to 'float', possible loss of data
D:\Programming\C++\CircuitSimulator_SFML\Circiut_Sim\src\Circiut_Sim_main.cpp(388,97): warning C4244: '=': conversion from 'int' to 'float', possible loss of data
D:\Programming\C++\CircuitSimulator_SFML\Circiut_Sim\src\Circiut_Sim_main.cpp(401,51): warning C4018: '<': signed/unsigned mismatch
D:\Programming\C++\CircuitSimulator_SFML\Circiut_Sim\src\Circiut_Sim_main.cpp(416,164): warning C4244: 'argument': conversion from 'T' to 'float', possible loss of data
          with
          [
              T=unsigned int
          ]
D:\Programming\C++\CircuitSimulator_SFML\Circiut_Sim\src\Circiut_Sim_main.cpp(416,104): warning C4244: 'argument': conversion from 'T' to 'float', possible loss of data
          with
          [
              T=unsigned int
          ]
D:\Programming\C++\CircuitSimulator_SFML\Circiut_Sim\src\Circiut_Sim_main.cpp(471,25): warning C4018: '<': signed/unsigned mismatch
D:\Programming\C++\CircuitSimulator_SFML\Circiut_Sim\src\Circiut_Sim_main.cpp(525,23): warning C4018: '<': signed/unsigned mismatch
D:\Programming\C++\CircuitSimulator_SFML\Circiut_Sim\src\Circiut_Sim_main.cpp(532,23): warning C4018: '<': signed/unsigned mismatch
D:\Programming\C++\CircuitSimulator_SFML\Circiut_Sim\src\Circiut_Sim_main.cpp(539,24): warning C4018: '<': signed/unsigned mismatch
D:\Programming\C++\CircuitSimulator_SFML\Circiut_Sim\src\Circiut_Sim_main.cpp(558,23): warning C4018: '<': signed/unsigned mismatch
D:\Programming\C++\CircuitSimulator_SFML\Circiut_Sim\src\Circiut_Sim_main.cpp(564,12): warning C4018: '<': signed/unsigned mismatch
D:\Programming\C++\CircuitSimulator_SFML\Circiut_Sim\src\Circiut_Sim_main.cpp(768,27): warning C4018: '<': signed/unsigned mismatch
D:\Programming\C++\CircuitSimulator_SFML\Circiut_Sim\src\Circiut_Sim_main.cpp(1034,338): warning C4244: 'argument': conversion from 'const float' to 'int', possible loss of data
D:\Programming\C++\CircuitSimulator_SFML\Circiut_Sim\src\Circiut_Sim_main.cpp(1034,322): warning C4244: 'argument': conversion from 'T' to 'float', possible loss of data
          with
          [
              T=int
          ]
D:\Programming\C++\CircuitSimulator_SFML\Circiut_Sim\src\Circiut_Sim_main.cpp(1035,156): warning C4244: 'argument': conversion from 'const float' to 'int', possible loss of data
D:\Programming\C++\CircuitSimulator_SFML\Circiut_Sim\src\Circiut_Sim_main.cpp(1035,140): warning C4244: 'argument': conversion from 'T' to 'float', possible loss of data
          with
          [
              T=int
          ]
C:\Program Files\Microsoft Visual Studio\2022\Community\VC\Tools\MSVC\14.35.32215\include\xstring(2859,53): warning C4244: 'argument': conversion from 'wchar_t' to 'const _Elem', possible loss of data
          with
          [
              _Elem=char
          ]
C:\Program Files\Microsoft Visual Studio\2022\Community\VC\Tools\MSVC\14.35.32215\include\xstring(2718,1): message : see reference to function template instantiation 'void std::basic_string<char,std::char_traits<char>,std::allocator<char>>::_Construct_from_iter<wchar_t*,wchar_t*,_Size_type>(_Iter,const _Sent,_Size)' being compiled
          with
          [
              _Size_type=unsigned int,
              _Iter=wchar_t *,
              _Sent=wchar_t *,
              _Size=unsigned int
          ]
C:\Program Files\Microsoft Visual Studio\2022\Community\VC\Tools\MSVC\14.35.32215\include\xstring(2718,37): message : see reference to function template instantiation 'void std::basic_string<char,std::char_traits<char>,std::allocator<char>>::_Construct_from_iter<wchar_t*,wchar_t*,_Size_type>(_Iter,const _Sent,_Size)' being compiled
          with
          [
              _Size_type=unsigned int,
              _Iter=wchar_t *,
              _Sent=wchar_t *,
              _Size=unsigned int
          ]
D:\Programming\C++\CircuitSimulator_SFML\Circiut_Sim\src\Circiut_Sim_main.cpp(119): message : see reference to function template instantiation 'std::basic_string<char,std::char_traits<char>,std::allocator<char>>::basic_string<std::_String_iterator<std::_String_val<std::_Simple_types<_Elem>>>,0>(_Iter,_Iter,const _Alloc &)' being compiled
          with
          [
              _Elem=wchar_t,
              _Iter=std::_String_iterator<std::_String_val<std::_Simple_types<wchar_t>>>,
              _Alloc=std::allocator<char>
          ]
D:\Programming\C++\CircuitSimulator_SFML\Circiut_Sim\src\Circiut_Sim_main.cpp(119,74): message : see reference to function template instantiation 'std::basic_string<char,std::char_traits<char>,std::allocator<char>>::basic_string<std::_String_iterator<std::_String_val<std::_Simple_types<_Elem>>>,0>(_Iter,_Iter,const _Alloc &)' being compiled
          with
          [
              _Elem=wchar_t,
              _Iter=std::_String_iterator<std::_String_val<std::_Simple_types<wchar_t>>>,
              _Alloc=std::allocator<char>
          ]
C:\Program Files\Microsoft Visual Studio\2022\Community\VC\Tools\MSVC\14.35.32215\include\xmemory(680,68): warning C4244: 'argument': conversion from '_Ty' to 'float', possible loss of data
          with
          [
              _Ty=int
          ]
C:\Program Files\Microsoft Visual Studio\2022\Community\VC\Tools\MSVC\14.35.32215\include\vector(852): message : see reference to function template instantiation 'void std::_Default_allocator_traits<_Alloc>::construct<_Ty,int,float,float,int>(_Alloc &,_Objty *const ,int &&,float &&,float &&,int &&)' being compiled
          with
          [
              _Alloc=std::allocator<Entity>,
              _Ty=Entity,
              _Objty=Entity
          ]
C:\Program Files\Microsoft Visual Studio\2022\Community\VC\Tools\MSVC\14.35.32215\include\vector(863,36): message : see reference to function template instantiation 'void std::_Default_allocator_traits<_Alloc>::construct<_Ty,int,float,float,int>(_Alloc &,_Objty *const ,int &&,float &&,float &&,int &&)' being compiled
          with
          [
              _Alloc=std::allocator<Entity>,
              _Ty=Entity,
              _Objty=Entity
          ]
C:\Program Files\Microsoft Visual Studio\2022\Community\VC\Tools\MSVC\14.35.32215\include\vector(839): message : see reference to function template instantiation '_Ty &std::vector<_Ty,std::allocator<_Ty>>::_Emplace_back_with_unused_capacity<int,float,float,int>(int &&,float &&,float &&,int &&)' being compiled
          with
          [
              _Ty=Entity
          ]
C:\Program Files\Microsoft Visual Studio\2022\Community\VC\Tools\MSVC\14.35.32215\include\vector(845,13): message : see reference to function template instantiation '_Ty &std::vector<_Ty,std::allocator<_Ty>>::_Emplace_back_with_unused_capacity<int,float,float,int>(int &&,float &&,float &&,int &&)' being compiled
          with
          [
              _Ty=Entity
          ]
C:\Program Files\Microsoft Visual Studio\2022\Community\VC\Tools\MSVC\14.35.32215\include\vector(925): message : see reference to function template instantiation '_Ty &std::vector<_Ty,std::allocator<_Ty>>::_Emplace_one_at_back<int,float,float,int>(int &&,float &&,float &&,int &&)' being compiled
          with
          [
              _Ty=Entity
          ]
C:\Program Files\Microsoft Visual Studio\2022\Community\VC\Tools\MSVC\14.35.32215\include\vector(927,14): message : see reference to function template instantiation '_Ty &std::vector<_Ty,std::allocator<_Ty>>::_Emplace_one_at_back<int,float,float,int>(int &&,float &&,float &&,int &&)' being compiled
          with
          [
              _Ty=Entity
          ]
D:\Programming\C++\CircuitSimulator_SFML\Circiut_Sim\src\Circuit_GUI.hpp(830,91): message : see reference to function template instantiation '_Ty &std::vector<_Ty,std::allocator<_Ty>>::emplace_back<int,float,float,int>(int &&,float &&,float &&,int &&)' being compiled
          with
          [
              _Ty=Entity
          ]
  Generating code
  Previous IPDB not found, fall back to full compilation.
  All 2555 functions were compiled because no usable IPDB/IOBJ from previous compilation was found.
  Finished generating code
  Circiut_Sim.vcxproj -> D:\Programming\C++\CircuitSimulator_SFML\Circiut_Sim\output\Release-Win32\CirciutGUI.exe
