  Circuit_App.cpp
D:\Programming\C++\CircuitSimulator_SFML\CirciutGUI\src\Circuit_Entity.hpp(3,10): warning C4067: unexpected tokens following preprocessor directive - expected a newline
D:\Programming\C++\CircuitSimulator_SFML\CirciutGUI\src\Circuit_Windows_Stuff.hpp(17,20): warning C4018: '<': signed/unsigned mismatch
D:\Programming\C++\CircuitSimulator_SFML\CirciutGUI\src\Circuit_Windows_Stuff.hpp(49,20): warning C4018: '<': signed/unsigned mismatch
D:\Programming\C++\CircuitSimulator_SFML\CirciutGUI\src\Circuit_App.cpp(37,12): warning C4244: 'argument': conversion from 'time_t' to 'unsigned int', possible loss of data
D:\Programming\C++\CircuitSimulator_SFML\CirciutGUI\src\Circuit_App.cpp(136,179): warning C4244: 'argument': conversion from 'int' to 'T', possible loss of data
          with
          [
              T=float
          ]
D:\Programming\C++\CircuitSimulator_SFML\CirciutGUI\src\Circuit_App.cpp(136,157): warning C4244: 'argument': conversion from 'int' to 'T', possible loss of data
          with
          [
              T=float
          ]
D:\Programming\C++\CircuitSimulator_SFML\CirciutGUI\src\Circuit_App.cpp(136,112): warning C4244: 'argument': conversion from 'int' to 'T', possible loss of data
          with
          [
              T=float
          ]
D:\Programming\C++\CircuitSimulator_SFML\CirciutGUI\src\Circuit_App.cpp(136,58): warning C4244: 'argument': conversion from 'int' to 'T', possible loss of data
          with
          [
              T=float
          ]
D:\Programming\C++\CircuitSimulator_SFML\CirciutGUI\src\Circuit_App.cpp(163,37): warning C4244: 'initializing': conversion from 'const int' to 'float', possible loss of data
D:\Programming\C++\CircuitSimulator_SFML\CirciutGUI\src\Circuit_App.cpp(163,35): warning C4244: 'initializing': conversion from 'const int' to 'const float', possible loss of data
D:\Programming\C++\CircuitSimulator_SFML\CirciutGUI\src\Circuit_App.cpp(241,24): warning C4018: '<': signed/unsigned mismatch
D:\Programming\C++\CircuitSimulator_SFML\CirciutGUI\src\Circuit_App.cpp(241,48): warning C4018: '<': signed/unsigned mismatch
D:\Programming\C++\CircuitSimulator_SFML\CirciutGUI\src\Circuit_App.cpp(253,40): warning C4018: '<': signed/unsigned mismatch
D:\Programming\C++\CircuitSimulator_SFML\CirciutGUI\src\Circuit_App.cpp(321,24): warning C4018: '<': signed/unsigned mismatch
D:\Programming\C++\CircuitSimulator_SFML\CirciutGUI\src\Circuit_App.cpp(326,51): warning C4018: '<': signed/unsigned mismatch
D:\Programming\C++\CircuitSimulator_SFML\CirciutGUI\src\Circuit_App.cpp(525,30): warning C4244: '=': conversion from 'int' to 'float', possible loss of data
D:\Programming\C++\CircuitSimulator_SFML\CirciutGUI\src\Circuit_App.cpp(525,71): warning C4244: '=': conversion from 'int' to 'float', possible loss of data
D:\Programming\C++\CircuitSimulator_SFML\CirciutGUI\src\Circuit_App.cpp(538,49): warning C4018: '<': signed/unsigned mismatch
D:\Programming\C++\CircuitSimulator_SFML\CirciutGUI\src\Circuit_App.cpp(609,23): warning C4018: '<': signed/unsigned mismatch
D:\Programming\C++\CircuitSimulator_SFML\CirciutGUI\src\Circuit_App.cpp(648,22): warning C4018: '<': signed/unsigned mismatch
D:\Programming\C++\CircuitSimulator_SFML\CirciutGUI\src\Circuit_App.cpp(655,22): warning C4018: '<': signed/unsigned mismatch
D:\Programming\C++\CircuitSimulator_SFML\CirciutGUI\src\Circuit_App.cpp(665,23): warning C4018: '<': signed/unsigned mismatch
D:\Programming\C++\CircuitSimulator_SFML\CirciutGUI\src\Circuit_App.cpp(760,23): warning C4018: '<': signed/unsigned mismatch
D:\Programming\C++\CircuitSimulator_SFML\CirciutGUI\src\Circuit_App.cpp(896,23): warning C4018: '<': signed/unsigned mismatch
D:\Programming\C++\CircuitSimulator_SFML\CirciutGUI\src\Circuit_App.cpp(951,25): warning C4018: '<': signed/unsigned mismatch
D:\Programming\C++\CircuitSimulator_SFML\CirciutGUI\src\Circuit_App.cpp(1316,20): warning C4018: '<': signed/unsigned mismatch
D:\Programming\C++\CircuitSimulator_SFML\CirciutGUI\src\Circuit_App.cpp(1365,241): warning C4244: 'argument': conversion from 'const float' to 'int', possible loss of data
D:\Programming\C++\CircuitSimulator_SFML\CirciutGUI\src\Circuit_App.cpp(1365,237): warning C4244: 'argument': conversion from 'T' to 'float', possible loss of data
          with
          [
              T=int
          ]
D:\Programming\C++\CircuitSimulator_SFML\CirciutGUI\src\Circuit_App.cpp(1366,95): warning C4244: 'argument': conversion from 'const float' to 'int', possible loss of data
D:\Programming\C++\CircuitSimulator_SFML\CirciutGUI\src\Circuit_App.cpp(1366,91): warning C4244: 'argument': conversion from 'T' to 'float', possible loss of data
          with
          [
              T=int
          ]
C:\Program Files\Microsoft Visual Studio\2022\Community\VC\Tools\MSVC\14.36.32532\include\xmemory(677,68): warning C4244: 'argument': conversion from '_Ty' to 'float', possible loss of data
          with
          [
              _Ty=int
          ]
C:\Program Files\Microsoft Visual Studio\2022\Community\VC\Tools\MSVC\14.36.32532\include\vector(798,27): message : see reference to function template instantiation 'void std::_Default_allocator_traits<_Alloc>::construct<_Ty,int&,float&,float&,int>(_Alloc &,_Objty *const ,int &,float &,float &,int &&)' being compiled
          with
          [
              _Alloc=std::allocator<Entity>,
              _Ty=Entity,
              _Objty=Entity
          ]
C:\Program Files\Microsoft Visual Studio\2022\Community\VC\Tools\MSVC\14.36.32532\include\vector(780,20): message : see reference to function template instantiation '_Ty &std::vector<_Ty,std::allocator<_Ty>>::_Emplace_back_with_unused_capacity<int&,float&,float&,int>(int &,float &,float &,int &&)' being compiled
          with
          [
              _Ty=Entity
          ]
C:\Program Files\Microsoft Visual Studio\2022\Community\VC\Tools\MSVC\14.36.32532\include\vector(862,24): message : see reference to function template instantiation '_Ty &std::vector<_Ty,std::allocator<_Ty>>::_Emplace_one_at_back<int&,float&,float&,int>(int &,float &,float &,int &&)' being compiled
          with
          [
              _Ty=Entity
          ]
D:\Programming\C++\CircuitSimulator_SFML\CirciutGUI\src\Circuit_App.cpp(511,9): message : see reference to function template instantiation '_Ty &std::vector<_Ty,std::allocator<_Ty>>::emplace_back<int&,float&,float&,int>(int &,float &,float &,int &&)' being compiled
          with
          [
              _Ty=Entity
          ]
LINK : warning LNK4075: ignoring '/INCREMENTAL' due to '/PROFILE' specification
Circuit_Sim_main.obj : warning LNK4075: ignoring '/EDITANDCONTINUE' due to '/OPT:REF' specification
  CirciutGUI.vcxproj -> D:\Programming\C++\CircuitSimulator_SFML\CirciutGUI\bin\Debug-Win32\CirciutGUI_x86_Debug.exe
