d:\programming\c++\circuitsimulator_sfml\circiutgui\output-int\release-win32\vc143.pdb
d:\programming\c++\circuitsimulator_sfml\circiutgui\output-int\release-win32\circiut_sim_main.obj
d:\programming\c++\circuitsimulator_sfml\circiutgui\output-int\release-win32\imgui_widgets.obj
d:\programming\c++\circuitsimulator_sfml\circiutgui\output-int\release-win32\imgui_tables.obj
d:\programming\c++\circuitsimulator_sfml\circiutgui\output-int\release-win32\imgui_draw.obj
d:\programming\c++\circuitsimulator_sfml\circiutgui\output-int\release-win32\imgui.obj
d:\programming\c++\circuitsimulator_sfml\circiutgui\output-int\release-win32\imgui-sfml.obj
d:\programming\c++\circuitsimulator_sfml\circiutgui\output\release-win32\circiutgui.exe
d:\programming\c++\circuitsimulator_sfml\circiutgui\output-int\release-win32\circiutgui.iobj
d:\programming\c++\circuitsimulator_sfml\circiutgui\output\release-win32\circiutgui.pdb
d:\programming\c++\circuitsimulator_sfml\circiutgui\output-int\release-win32\circiutgui.res
d:\programming\c++\circuitsimulator_sfml\circiutgui\output-int\release-win32\circiutgui.ipdb
d:\programming\c++\circuitsimulator_sfml\circiutgui\output-int\release-win32\circiutgui.vcxproj.filelistabsolute.txt
d:\programming\c++\circuitsimulator_sfml\circiutgui\output-int\release-win32\circiutgui.tlog\cl.command.1.tlog
d:\programming\c++\circuitsimulator_sfml\circiutgui\output-int\release-win32\circiutgui.tlog\cl.read.1.tlog
d:\programming\c++\circuitsimulator_sfml\circiutgui\output-int\release-win32\circiutgui.tlog\cl.write.1.tlog
d:\programming\c++\circuitsimulator_sfml\circiutgui\output-int\release-win32\circiutgui.tlog\link.command.1.tlog
d:\programming\c++\circuitsimulator_sfml\circiutgui\output-int\release-win32\circiutgui.tlog\link.read.1.tlog
d:\programming\c++\circuitsimulator_sfml\circiutgui\output-int\release-win32\circiutgui.tlog\link.write.1.tlog
d:\programming\c++\circuitsimulator_sfml\circiutgui\output-int\release-win32\circiutgui.tlog\rc.command.1.tlog
d:\programming\c++\circuitsimulator_sfml\circiutgui\output-int\release-win32\circiutgui.tlog\rc.read.1.tlog
d:\programming\c++\circuitsimulator_sfml\circiutgui\output-int\release-win32\circiutgui.tlog\rc.write.1.tlog
