  Circuit_Sim_main.cpp
C:\Program Files\Microsoft Visual Studio\2022\Community\VC\Tools\MSVC\14.37.32822\include\xstring(2728,53): warning C4244: 'argument': conversion from 'wchar_t' to 'const _Elem', possible loss of data
          with
          [
              _Elem=char
          ]
C:\Program Files\Microsoft Visual Studio\2022\Community\VC\Tools\MSVC\14.37.32822\include\xstring(2584,17): message : see reference to function template instantiation 'void std::basic_string<char,std::char_traits<char>,std::allocator<char>>::_Construct_from_iter<wchar_t*,wchar_t*,_Size_type>(_Iter,const _Sent,_Size)' being compiled
          with
          [
              _Size_type=unsigned __int64,
              _Iter=wchar_t *,
              _Sent=wchar_t *,
              _Size=unsigned __int64
          ]
D:\Programming\C++\CircuitSimulator_SFML\CirciutGUI\src\Circuit_Sim_main.cpp(53,24): message : see reference to function template instantiation 'std::basic_string<char,std::char_traits<char>,std::allocator<char>>::basic_string<std::_String_iterator<std::_String_val<std::_Simple_types<_Elem>>>,0>(_Iter,_Iter,const _Alloc &)' being compiled
          with
          [
              _Elem=wchar_t,
              _Iter=std::_String_iterator<std::_String_val<std::_Simple_types<wchar_t>>>,
              _Alloc=std::allocator<char>
          ]
D:\Programming\C++\CircuitSimulator_SFML\CirciutGUI\src\Circuit_Sim_main.cpp(53,24): message : see the first reference to 'std::basic_string<char,std::char_traits<char>,std::allocator<char>>::basic_string' in 'WinMain'
  Circuit_App.cpp
D:\Programming\C++\CircuitSimulator_SFML\CirciutGUI\src\Circuit_Timer.hpp(19,4): warning C4390: ';': empty controlled statement found; is this the intent?
D:\Programming\C++\CircuitSimulator_SFML\CirciutGUI\src\Circuit_Entity.hpp(3,10): warning C4067: unexpected tokens following preprocessor directive - expected a newline
D:\Programming\C++\CircuitSimulator_SFML\CirciutGUI\src\Circuit_App.cpp(38,12): warning C4244: 'argument': conversion from 'time_t' to 'unsigned int', possible loss of data
D:\Programming\C++\CircuitSimulator_SFML\CirciutGUI\src\Circuit_App.cpp(138,19): warning C4244: 'argument': conversion from 'int' to 'T', possible loss of data
          with
          [
              T=float
          ]
D:\Programming\C++\CircuitSimulator_SFML\CirciutGUI\src\Circuit_App.cpp(137,19): warning C4244: 'argument': conversion from 'int' to 'T', possible loss of data
          with
          [
              T=float
          ]
D:\Programming\C++\CircuitSimulator_SFML\CirciutGUI\src\Circuit_App.cpp(136,29): warning C4244: 'argument': conversion from 'int' to 'T', possible loss of data
          with
          [
              T=float
          ]
D:\Programming\C++\CircuitSimulator_SFML\CirciutGUI\src\Circuit_App.cpp(135,29): warning C4244: 'argument': conversion from 'int' to 'T', possible loss of data
          with
          [
              T=float
          ]
D:\Programming\C++\CircuitSimulator_SFML\CirciutGUI\src\Circuit_App.cpp(166,37): warning C4244: 'initializing': conversion from 'const int' to 'float', possible loss of data
D:\Programming\C++\CircuitSimulator_SFML\CirciutGUI\src\Circuit_App.cpp(166,35): warning C4244: 'initializing': conversion from 'const int' to 'const float', possible loss of data
D:\Programming\C++\CircuitSimulator_SFML\CirciutGUI\src\Circuit_App.cpp(266,18): warning C4267: 'initializing': conversion from 'size_t' to 'int', possible loss of data
D:\Programming\C++\CircuitSimulator_SFML\CirciutGUI\src\Circuit_App.cpp(439,17): warning C4267: 'initializing': conversion from 'size_t' to 'int', possible loss of data
D:\Programming\C++\CircuitSimulator_SFML\CirciutGUI\src\Circuit_App.cpp(925,28): warning C4305: 'initializing': truncation from 'double' to 'float'
D:\Programming\C++\CircuitSimulator_SFML\CirciutGUI\src\Circuit_App.cpp(1000,5): warning C4390: ';': empty controlled statement found; is this the intent?
D:\Programming\C++\CircuitSimulator_SFML\CirciutGUI\src\Circuit_App.cpp(1003,5): warning C4390: ';': empty controlled statement found; is this the intent?
D:\Programming\C++\CircuitSimulator_SFML\CirciutGUI\src\Circuit_App.cpp(1073,30): warning C4244: '=': conversion from 'int' to 'float', possible loss of data
D:\Programming\C++\CircuitSimulator_SFML\CirciutGUI\src\Circuit_App.cpp(1073,71): warning C4244: '=': conversion from 'int' to 'float', possible loss of data
D:\Programming\C++\CircuitSimulator_SFML\CirciutGUI\src\Circuit_App.cpp(1101,28): warning C4244: '=': conversion from 'int' to 'T', possible loss of data
          with
          [
              T=float
          ]
D:\Programming\C++\CircuitSimulator_SFML\CirciutGUI\src\Circuit_App.cpp(1102,29): warning C4244: '=': conversion from 'int' to 'T', possible loss of data
          with
          [
              T=float
          ]
D:\Programming\C++\CircuitSimulator_SFML\CirciutGUI\src\Circuit_App.cpp(1434,245): warning C4244: 'argument': conversion from 'const float' to 'int', possible loss of data
D:\Programming\C++\CircuitSimulator_SFML\CirciutGUI\src\Circuit_App.cpp(1434,241): warning C4244: 'argument': conversion from 'T' to 'float', possible loss of data
          with
          [
              T=int
          ]
D:\Programming\C++\CircuitSimulator_SFML\CirciutGUI\src\Circuit_App.cpp(1435,99): warning C4244: 'argument': conversion from 'const float' to 'int', possible loss of data
D:\Programming\C++\CircuitSimulator_SFML\CirciutGUI\src\Circuit_App.cpp(1435,95): warning C4244: 'argument': conversion from 'T' to 'float', possible loss of data
          with
          [
              T=int
          ]
C:\Program Files\Microsoft Visual Studio\2022\Community\VC\Tools\MSVC\14.37.32822\include\xmemory(719,103): warning C4244: 'argument': conversion from '_Ty' to 'float', possible loss of data
          with
          [
              _Ty=int
          ]
C:\Program Files\Microsoft Visual Studio\2022\Community\VC\Tools\MSVC\14.37.32822\include\vector(800,27): message : see reference to function template instantiation 'void std::_Default_allocator_traits<_Alloc>::construct<_Ty,int&,float&,float&,int>(_Alloc &,_Objty *const ,int &,float &,float &,int &&)' being compiled
          with
          [
              _Alloc=std::allocator<Entity>,
              _Ty=Entity,
              _Objty=Entity
          ]
C:\Program Files\Microsoft Visual Studio\2022\Community\VC\Tools\MSVC\14.37.32822\include\vector(782,20): message : see reference to function template instantiation '_Ty &std::vector<_Ty,std::allocator<_Ty>>::_Emplace_back_with_unused_capacity<int&,float&,float&,int>(int &,float &,float &,int &&)' being compiled
          with
          [
              _Ty=Entity
          ]
C:\Program Files\Microsoft Visual Studio\2022\Community\VC\Tools\MSVC\14.37.32822\include\vector(864,24): message : see reference to function template instantiation '_Ty &std::vector<_Ty,std::allocator<_Ty>>::_Emplace_one_at_back<int&,float&,float&,int>(int &,float &,float &,int &&)' being compiled
          with
          [
              _Ty=Entity
          ]
D:\Programming\C++\CircuitSimulator_SFML\CirciutGUI\src\Circuit_App.cpp(1059,9): message : see reference to function template instantiation '_Ty &std::vector<_Ty,std::allocator<_Ty>>::emplace_back<int&,float&,float&,int>(int &,float &,float &,int &&)' being compiled
          with
          [
              _Ty=Entity
          ]
  Circuit_Entity.cpp
D:\Programming\C++\CircuitSimulator_SFML\CirciutGUI\src\Circuit_Entity.hpp(3,10): warning C4067: unexpected tokens following preprocessor directive - expected a newline
D:\Programming\C++\CircuitSimulator_SFML\CirciutGUI\src\Circuit_Entity.cpp(80,58): warning C4244: 'argument': conversion from 'int' to 'float', possible loss of data
D:\Programming\C++\CircuitSimulator_SFML\CirciutGUI\src\Circuit_Entity.cpp(101,74): warning C4244: '=': conversion from 'int' to 'T', possible loss of data
          with
          [
              T=float
          ]
D:\Programming\C++\CircuitSimulator_SFML\CirciutGUI\src\Circuit_Entity.cpp(101,97): warning C4244: '=': conversion from 'int' to 'T', possible loss of data
          with
          [
              T=float
          ]
D:\Programming\C++\CircuitSimulator_SFML\CirciutGUI\src\Circuit_Entity.cpp(102,80): warning C4244: '=': conversion from 'int' to 'T', possible loss of data
          with
          [
              T=float
          ]
D:\Programming\C++\CircuitSimulator_SFML\CirciutGUI\src\Circuit_Entity.cpp(102,103): warning C4244: '=': conversion from 'int' to 'T', possible loss of data
          with
          [
              T=float
          ]
D:\Programming\C++\CircuitSimulator_SFML\CirciutGUI\src\Circuit_Entity.cpp(103,81): warning C4244: '=': conversion from 'int' to 'T', possible loss of data
          with
          [
              T=float
          ]
D:\Programming\C++\CircuitSimulator_SFML\CirciutGUI\src\Circuit_Entity.cpp(103,104): warning C4244: '=': conversion from 'int' to 'T', possible loss of data
          with
          [
              T=float
          ]
D:\Programming\C++\CircuitSimulator_SFML\CirciutGUI\src\Circuit_Entity.cpp(104,81): warning C4244: '=': conversion from 'int' to 'T', possible loss of data
          with
          [
              T=float
          ]
D:\Programming\C++\CircuitSimulator_SFML\CirciutGUI\src\Circuit_Entity.cpp(104,104): warning C4244: '=': conversion from 'int' to 'T', possible loss of data
          with
          [
              T=float
          ]
  Circuit_Graph.cpp
D:\Programming\C++\CircuitSimulator_SFML\CirciutGUI\src\Circuit_Graph.cpp(64,26): warning C4244: 'argument': conversion from 'int' to 'T', possible loss of data
          with
          [
              T=float
          ]
D:\Programming\C++\CircuitSimulator_SFML\CirciutGUI\src\Circuit_Graph.cpp(63,26): warning C4244: 'argument': conversion from 'int' to 'T', possible loss of data
          with
          [
              T=float
          ]
D:\Programming\C++\CircuitSimulator_SFML\CirciutGUI\src\Circuit_Graph.cpp(90,20): warning C4244: 'argument': conversion from 'int' to 'T', possible loss of data
          with
          [
              T=float
          ]
D:\Programming\C++\CircuitSimulator_SFML\CirciutGUI\src\Circuit_Graph.cpp(89,20): warning C4244: 'argument': conversion from 'int' to 'T', possible loss of data
          with
          [
              T=float
          ]
D:\Programming\C++\CircuitSimulator_SFML\CirciutGUI\src\Circuit_Graph.cpp(88,39): warning C4244: 'argument': conversion from 'int' to 'T', possible loss of data
          with
          [
              T=float
          ]
D:\Programming\C++\CircuitSimulator_SFML\CirciutGUI\src\Circuit_Graph.cpp(87,39): warning C4244: 'argument': conversion from 'int' to 'T', possible loss of data
          with
          [
              T=float
          ]
D:\Programming\C++\CircuitSimulator_SFML\CirciutGUI\src\Circuit_Graph.cpp(185,26): warning C4244: 'initializing': conversion from '__int64' to 'int', possible loss of data
D:\Programming\C++\CircuitSimulator_SFML\CirciutGUI\src\Circuit_Graph.cpp(249,40): warning C4244: 'argument': conversion from 'int' to 'float', possible loss of data
D:\Programming\C++\CircuitSimulator_SFML\CirciutGUI\src\Circuit_Graph.cpp(249,32): warning C4244: 'argument': conversion from 'int' to 'float', possible loss of data
D:\Programming\C++\CircuitSimulator_SFML\CirciutGUI\src\Circuit_Graph.cpp(278,23): warning C4244: 'initializing': conversion from '__int64' to 'int', possible loss of data
C:\Program Files\Microsoft Visual Studio\2022\Community\VC\Tools\MSVC\14.37.32822\include\xmemory(719,103): warning C4244: 'argument': conversion from 'int' to 'float', possible loss of data
C:\Program Files\Microsoft Visual Studio\2022\Community\VC\Tools\MSVC\14.37.32822\include\vector(800,27): message : see reference to function template instantiation 'void std::_Default_allocator_traits<_Alloc>::construct<_Ty,int&>(_Alloc &,_Objty *const ,int &)' being compiled
          with
          [
              _Alloc=std::allocator<sf::CircleShape>,
              _Ty=sf::CircleShape,
              _Objty=sf::CircleShape
          ]
C:\Program Files\Microsoft Visual Studio\2022\Community\VC\Tools\MSVC\14.37.32822\include\vector(782,20): message : see reference to function template instantiation '_Ty &std::vector<_Ty,std::allocator<_Ty>>::_Emplace_back_with_unused_capacity<int&>(int &)' being compiled
          with
          [
              _Ty=sf::CircleShape
          ]
C:\Program Files\Microsoft Visual Studio\2022\Community\VC\Tools\MSVC\14.37.32822\include\vector(864,24): message : see reference to function template instantiation '_Ty &std::vector<_Ty,std::allocator<_Ty>>::_Emplace_one_at_back<int&>(int &)' being compiled
          with
          [
              _Ty=sf::CircleShape
          ]
D:\Programming\C++\CircuitSimulator_SFML\CirciutGUI\src\Circuit_Graph.cpp(248,14): message : see reference to function template instantiation '_Ty &std::vector<_Ty,std::allocator<_Ty>>::emplace_back<int&>(int &)' being compiled
          with
          [
              _Ty=sf::CircleShape
          ]
  Circuit_GUI.cpp
D:\Programming\C++\CircuitSimulator_SFML\CirciutGUI\src\Circuit_Entity.hpp(3,10): warning C4067: unexpected tokens following preprocessor directive - expected a newline
D:\Programming\C++\CircuitSimulator_SFML\CirciutGUI\src\Resource_Manager.hpp(55,58): warning C4267: 'argument': conversion from 'size_t' to 'DWORD', possible loss of data
D:\Programming\C++\CircuitSimulator_SFML\CirciutGUI\src\Circuit_GUI.cpp(291,19): warning C4267: 'initializing': conversion from 'size_t' to 'int', possible loss of data
D:\Programming\C++\CircuitSimulator_SFML\CirciutGUI\src\Circuit_GUI.cpp(330,21): warning C4244: '=': conversion from 'float' to 'int', possible loss of data
D:\Programming\C++\CircuitSimulator_SFML\CirciutGUI\src\Circuit_GUI.cpp(331,21): warning C4244: '=': conversion from 'float' to 'int', possible loss of data
D:\Programming\C++\CircuitSimulator_SFML\CirciutGUI\src\Circuit_GUI.cpp(334,33): warning C4244: '=': conversion from 'T' to 'int', possible loss of data
          with
          [
              T=float
          ]
D:\Programming\C++\CircuitSimulator_SFML\CirciutGUI\src\Circuit_GUI.cpp(335,33): warning C4244: '=': conversion from 'T' to 'int', possible loss of data
          with
          [
              T=float
          ]
D:\Programming\C++\CircuitSimulator_SFML\CirciutGUI\src\Circuit_GUI.cpp(338,14): warning C4267: 'initializing': conversion from 'size_t' to 'int', possible loss of data
D:\Programming\C++\CircuitSimulator_SFML\CirciutGUI\src\Circuit_GUI.cpp(292,14): warning C4390: ';': empty controlled statement found; is this the intent?
D:\Programming\C++\CircuitSimulator_SFML\CirciutGUI\src\Circuit_GUI.cpp(313,14): warning C4390: ';': empty controlled statement found; is this the intent?
D:\Programming\C++\CircuitSimulator_SFML\CirciutGUI\src\Circuit_GUI.cpp(319,41): warning C4390: ';': empty controlled statement found; is this the intent?
D:\Programming\C++\CircuitSimulator_SFML\CirciutGUI\src\Circuit_GUI.cpp(320,41): warning C4390: ';': empty controlled statement found; is this the intent?
D:\Programming\C++\CircuitSimulator_SFML\CirciutGUI\src\Circuit_GUI.cpp(351,16): warning C4390: ';': empty controlled statement found; is this the intent?
D:\Programming\C++\CircuitSimulator_SFML\CirciutGUI\src\Circuit_GUI.cpp(352,16): warning C4390: ';': empty controlled statement found; is this the intent?
D:\Programming\C++\CircuitSimulator_SFML\CirciutGUI\src\Circuit_GUI.cpp(353,16): warning C4390: ';': empty controlled statement found; is this the intent?
D:\Programming\C++\CircuitSimulator_SFML\CirciutGUI\src\Circuit_GUI.cpp(412,14): warning C4390: ';': empty controlled statement found; is this the intent?
D:\Programming\C++\CircuitSimulator_SFML\CirciutGUI\src\Circuit_GUI.cpp(417,19): warning C4267: 'initializing': conversion from 'size_t' to 'int', possible loss of data
D:\Programming\C++\CircuitSimulator_SFML\CirciutGUI\src\Circuit_GUI.cpp(457,17): warning C4244: '=': conversion from 'float' to 'int', possible loss of data
D:\Programming\C++\CircuitSimulator_SFML\CirciutGUI\src\Circuit_GUI.cpp(458,17): warning C4244: '=': conversion from 'float' to 'int', possible loss of data
D:\Programming\C++\CircuitSimulator_SFML\CirciutGUI\src\Circuit_GUI.cpp(461,29): warning C4244: '=': conversion from 'T' to 'int', possible loss of data
          with
          [
              T=float
          ]
D:\Programming\C++\CircuitSimulator_SFML\CirciutGUI\src\Circuit_GUI.cpp(462,29): warning C4244: '=': conversion from 'T' to 'int', possible loss of data
          with
          [
              T=float
          ]
D:\Programming\C++\CircuitSimulator_SFML\CirciutGUI\src\Circuit_GUI.cpp(465,14): warning C4267: 'initializing': conversion from 'size_t' to 'int', possible loss of data
D:\Programming\C++\CircuitSimulator_SFML\CirciutGUI\src\Circuit_GUI.cpp(418,14): warning C4390: ';': empty controlled statement found; is this the intent?
D:\Programming\C++\CircuitSimulator_SFML\CirciutGUI\src\Circuit_GUI.cpp(439,14): warning C4390: ';': empty controlled statement found; is this the intent?
D:\Programming\C++\CircuitSimulator_SFML\CirciutGUI\src\Circuit_GUI.cpp(445,42): warning C4390: ';': empty controlled statement found; is this the intent?
D:\Programming\C++\CircuitSimulator_SFML\CirciutGUI\src\Circuit_GUI.cpp(446,42): warning C4390: ';': empty controlled statement found; is this the intent?
D:\Programming\C++\CircuitSimulator_SFML\CirciutGUI\src\Circuit_GUI.cpp(598,17): warning C4244: '=': conversion from 'float' to 'int', possible loss of data
D:\Programming\C++\CircuitSimulator_SFML\CirciutGUI\src\Circuit_GUI.cpp(599,17): warning C4244: '=': conversion from 'float' to 'int', possible loss of data
D:\Programming\C++\CircuitSimulator_SFML\CirciutGUI\src\Circuit_GUI.cpp(602,29): warning C4244: '=': conversion from 'T' to 'int', possible loss of data
          with
          [
              T=float
          ]
D:\Programming\C++\CircuitSimulator_SFML\CirciutGUI\src\Circuit_GUI.cpp(603,29): warning C4244: '=': conversion from 'T' to 'int', possible loss of data
          with
          [
              T=float
          ]
D:\Programming\C++\CircuitSimulator_SFML\CirciutGUI\src\Circuit_GUI.cpp(606,14): warning C4267: 'initializing': conversion from 'size_t' to 'int', possible loss of data
D:\Programming\C++\CircuitSimulator_SFML\CirciutGUI\src\Circuit_GUI.cpp(705,29): warning C4244: '=': conversion from 'int' to 'T', possible loss of data
          with
          [
              T=float
          ]
D:\Programming\C++\CircuitSimulator_SFML\CirciutGUI\src\Circuit_GUI.cpp(713,28): warning C4244: '=': conversion from 'int' to 'T', possible loss of data
          with
          [
              T=float
          ]
D:\Programming\C++\CircuitSimulator_SFML\CirciutGUI\src\Circuit_GUI.cpp(871,31): warning C4018: '<=': signed/unsigned mismatch
D:\Programming\C++\CircuitSimulator_SFML\CirciutGUI\src\Circuit_GUI.cpp(923,35): warning C4244: '=': conversion from 'int' to 'T', possible loss of data
          with
          [
              T=float
          ]
D:\Programming\C++\CircuitSimulator_SFML\CirciutGUI\src\Circuit_GUI.cpp(924,36): warning C4244: '=': conversion from 'int' to 'T', possible loss of data
          with
          [
              T=float
          ]
D:\Programming\C++\CircuitSimulator_SFML\CirciutGUI\src\Circuit_GUI.cpp(940,53): warning C4244: 'argument': conversion from 'T' to 'sf::Uint8', possible loss of data
          with
          [
              T=float
          ]
D:\Programming\C++\CircuitSimulator_SFML\CirciutGUI\src\Circuit_GUI.cpp(939,46): warning C4244: 'argument': conversion from 'T' to 'sf::Uint8', possible loss of data
          with
          [
              T=float
          ]
D:\Programming\C++\CircuitSimulator_SFML\CirciutGUI\src\Circuit_GUI.cpp(938,46): warning C4244: 'argument': conversion from 'T' to 'sf::Uint8', possible loss of data
          with
          [
              T=float
          ]
D:\Programming\C++\CircuitSimulator_SFML\CirciutGUI\src\Circuit_GUI.cpp(992,40): warning C4244: 'argument': conversion from 'T' to 'sf::Uint8', possible loss of data
          with
          [
              T=float
          ]
D:\Programming\C++\CircuitSimulator_SFML\CirciutGUI\src\Circuit_GUI.cpp(991,33): warning C4244: 'argument': conversion from 'T' to 'sf::Uint8', possible loss of data
          with
          [
              T=float
          ]
D:\Programming\C++\CircuitSimulator_SFML\CirciutGUI\src\Circuit_GUI.cpp(990,33): warning C4244: 'argument': conversion from 'T' to 'sf::Uint8', possible loss of data
          with
          [
              T=float
          ]
D:\Programming\C++\CircuitSimulator_SFML\CirciutGUI\src\Circuit_GUI.cpp(995,16): warning C4267: 'initializing': conversion from 'size_t' to 'int', possible loss of data
D:\Programming\C++\CircuitSimulator_SFML\CirciutGUI\src\Circuit_GUI.cpp(1012,25): warning C4390: ';': empty controlled statement found; is this the intent?
D:\Programming\C++\CircuitSimulator_SFML\CirciutGUI\src\Circuit_GUI.cpp(1125,15): warning C4267: 'initializing': conversion from 'size_t' to 'int', possible loss of data
D:\Programming\C++\CircuitSimulator_SFML\CirciutGUI\src\Circuit_GUI.cpp(1127,15): warning C4244: 'initializing': conversion from '__int64' to 'int', possible loss of data
D:\Programming\C++\CircuitSimulator_SFML\CirciutGUI\src\Circuit_GUI.cpp(1292,20): warning C4244: 'initializing': conversion from '__int64' to 'int', possible loss of data
D:\Programming\C++\CircuitSimulator_SFML\CirciutGUI\src\Circuit_GUI.cpp(1402,46): warning C4244: '=': conversion from 'double' to 'int', possible loss of data
D:\Programming\C++\CircuitSimulator_SFML\CirciutGUI\src\Circuit_GUI.cpp(1404,51): warning C4244: '=': conversion from 'float' to 'int', possible loss of data
D:\Programming\C++\CircuitSimulator_SFML\CirciutGUI\src\Circuit_GUI.cpp(1446,69): warning C4244: 'argument': conversion from 'T' to 'T', possible loss of data
          with
          [
              T=unsigned int
          ]
          and
          [
              T=float
          ]
D:\Programming\C++\CircuitSimulator_SFML\CirciutGUI\src\Circuit_GUI.cpp(1446,48): warning C4244: 'argument': conversion from 'T' to 'T', possible loss of data
          with
          [
              T=unsigned int
          ]
          and
          [
              T=float
          ]
D:\Programming\C++\CircuitSimulator_SFML\CirciutGUI\src\Circuit_GUI.cpp(1496,31): warning C4244: 'argument': conversion from 'int' to 'T', possible loss of data
          with
          [
              T=float
          ]
D:\Programming\C++\CircuitSimulator_SFML\CirciutGUI\src\Circuit_GUI.cpp(1501,85): warning C4244: 'argument': conversion from 'int' to 'float', possible loss of data
D:\Programming\C++\CircuitSimulator_SFML\CirciutGUI\src\Circuit_GUI.cpp(1501,74): warning C4244: 'argument': conversion from 'int' to 'float', possible loss of data
D:\Programming\C++\CircuitSimulator_SFML\CirciutGUI\src\Circuit_GUI.cpp(1507,19): warning C4244: '=': conversion from 'int' to 'T', possible loss of data
          with
          [
              T=float
          ]
D:\Programming\C++\CircuitSimulator_SFML\CirciutGUI\src\Circuit_GUI.cpp(1512,91): warning C4244: 'argument': conversion from 'int' to 'float', possible loss of data
D:\Programming\C++\CircuitSimulator_SFML\CirciutGUI\src\Circuit_GUI.cpp(1512,27): warning C4244: 'argument': conversion from 'int' to 'float', possible loss of data
D:\Programming\C++\CircuitSimulator_SFML\CirciutGUI\src\Circuit_GUI.cpp(1558,49): warning C4244: 'argument': conversion from 'T' to 'float', possible loss of data
          with
          [
              T=unsigned int
          ]
D:\Programming\C++\CircuitSimulator_SFML\CirciutGUI\src\Circuit_GUI.cpp(1621,31): warning C4244: 'argument': conversion from 'int' to 'float', possible loss of data
D:\Programming\C++\CircuitSimulator_SFML\CirciutGUI\src\Circuit_GUI.cpp(1621,40): warning C4244: 'argument': conversion from 'int' to 'float', possible loss of data
D:\Programming\C++\CircuitSimulator_SFML\CirciutGUI\src\Circuit_GUI.cpp(1650,26): warning C4244: '=': conversion from 'int' to 'float', possible loss of data
D:\Programming\C++\CircuitSimulator_SFML\CirciutGUI\src\Circuit_GUI.cpp(1651,26): warning C4244: '=': conversion from 'int' to 'float', possible loss of data
D:\Programming\C++\CircuitSimulator_SFML\CirciutGUI\src\Circuit_GUI.cpp(1754,88): warning C4244: 'argument': conversion from 'T' to 'unsigned int', possible loss of data
          with
          [
              T=float
          ]
D:\Programming\C++\CircuitSimulator_SFML\CirciutGUI\src\Circuit_GUI.cpp(1754,47): warning C4244: 'argument': conversion from 'T' to 'unsigned int', possible loss of data
          with
          [
              T=float
          ]
D:\Programming\C++\CircuitSimulator_SFML\CirciutGUI\src\Circuit_GUI.cpp(1760,18): warning C4244: 'initializing': conversion from 'T' to 'int', possible loss of data
          with
          [
              T=float
          ]
D:\Programming\C++\CircuitSimulator_SFML\CirciutGUI\src\Circuit_GUI.cpp(1761,18): warning C4244: 'initializing': conversion from 'T' to 'int', possible loss of data
          with
          [
              T=float
          ]
D:\Programming\C++\CircuitSimulator_SFML\CirciutGUI\src\Circuit_GUI.cpp(1803,24): warning C4018: '<': signed/unsigned mismatch
D:\Programming\C++\CircuitSimulator_SFML\CirciutGUI\src\Circuit_GUI.cpp(1804,25): warning C4018: '<': signed/unsigned mismatch
D:\Programming\C++\CircuitSimulator_SFML\CirciutGUI\src\Circuit_GUI.cpp(1825,23): warning C4018: '<': signed/unsigned mismatch
D:\Programming\C++\CircuitSimulator_SFML\CirciutGUI\src\Circuit_GUI.cpp(1826,24): warning C4018: '<': signed/unsigned mismatch
D:\Programming\C++\CircuitSimulator_SFML\CirciutGUI\src\Circuit_GUI.cpp(1849,19): warning C4244: 'initializing': conversion from 'T' to 'int', possible loss of data
          with
          [
              T=float
          ]
D:\Programming\C++\CircuitSimulator_SFML\CirciutGUI\src\Circuit_GUI.cpp(1850,19): warning C4244: 'initializing': conversion from 'T' to 'int', possible loss of data
          with
          [
              T=float
          ]
D:\Programming\C++\CircuitSimulator_SFML\CirciutGUI\src\Circuit_GUI.cpp(1852,12): warning C4244: 'initializing': conversion from 'float' to 'int', possible loss of data
D:\Programming\C++\CircuitSimulator_SFML\CirciutGUI\src\Circuit_GUI.cpp(1853,12): warning C4244: 'initializing': conversion from 'float' to 'int', possible loss of data
D:\Programming\C++\CircuitSimulator_SFML\CirciutGUI\src\Circuit_GUI.cpp(1933,50): warning C4244: 'argument': conversion from 'int' to 'float', possible loss of data
D:\Programming\C++\CircuitSimulator_SFML\CirciutGUI\src\Circuit_GUI.cpp(1934,50): warning C4244: 'argument': conversion from 'int' to 'float', possible loss of data
D:\Programming\C++\CircuitSimulator_SFML\CirciutGUI\src\Circuit_GUI.cpp(1943,31): warning C4267: 'initializing': conversion from 'size_t' to 'int', possible loss of data
D:\Programming\C++\CircuitSimulator_SFML\CirciutGUI\src\Circuit_GUI.cpp(1950,60): warning C4244: 'argument': conversion from 'int' to 'float', possible loss of data
D:\Programming\C++\CircuitSimulator_SFML\CirciutGUI\src\Circuit_GUI.cpp(1950,69): warning C4244: 'argument': conversion from 'int' to 'float', possible loss of data
D:\Programming\C++\CircuitSimulator_SFML\CirciutGUI\src\Circuit_GUI.cpp(1975,34): warning C4244: 'argument': conversion from 'int' to 'T', possible loss of data
          with
          [
              T=float
          ]
D:\Programming\C++\CircuitSimulator_SFML\CirciutGUI\src\Circuit_GUI.cpp(1975,25): warning C4244: 'argument': conversion from 'int' to 'T', possible loss of data
          with
          [
              T=float
          ]
D:\Programming\C++\CircuitSimulator_SFML\CirciutGUI\src\Circuit_GUI.cpp(2004,26): warning C4244: '=': conversion from 'int' to 'T', possible loss of data
          with
          [
              T=float
          ]
D:\Programming\C++\CircuitSimulator_SFML\CirciutGUI\src\Circuit_GUI.cpp(2005,26): warning C4244: '=': conversion from 'int' to 'T', possible loss of data
          with
          [
              T=float
          ]
C:\Program Files\Microsoft Visual Studio\2022\Community\VC\Tools\MSVC\14.37.32822\include\xmemory(719,103): warning C4244: 'argument': conversion from 'int' to 'T', possible loss of data
          with
          [
              T=float
          ]
C:\Program Files\Microsoft Visual Studio\2022\Community\VC\Tools\MSVC\14.37.32822\include\vector(800,27): message : see reference to function template instantiation 'void std::_Default_allocator_traits<_Alloc>::construct<_Ty,int&,int&>(_Alloc &,_Objty *const ,int &,int &)' being compiled
          with
          [
              _Alloc=std::allocator<sf::Vector2f>,
              _Ty=sf::Vector2<float>,
              _Objty=sf::Vector2<float>
          ]
C:\Program Files\Microsoft Visual Studio\2022\Community\VC\Tools\MSVC\14.37.32822\include\vector(782,20): message : see reference to function template instantiation '_Ty &std::vector<_Ty,std::allocator<_Ty>>::_Emplace_back_with_unused_capacity<int&,int&>(int &,int &)' being compiled
          with
          [
              _Ty=sf::Vector2f
          ]
C:\Program Files\Microsoft Visual Studio\2022\Community\VC\Tools\MSVC\14.37.32822\include\vector(864,24): message : see reference to function template instantiation '_Ty &std::vector<_Ty,std::allocator<_Ty>>::_Emplace_one_at_back<int&,int&>(int &,int &)' being compiled
          with
          [
              _Ty=sf::Vector2f
          ]
D:\Programming\C++\CircuitSimulator_SFML\CirciutGUI\src\Circuit_GUI.cpp(337,12): message : see reference to function template instantiation '_Ty &std::vector<_Ty,std::allocator<_Ty>>::emplace_back<int&,int&>(int &,int &)' being compiled
          with
          [
              _Ty=sf::Vector2f
          ]
C:\Program Files\Microsoft Visual Studio\2022\Community\VC\Tools\MSVC\14.37.32822\include\xmemory(719,103): warning C4244: 'argument': conversion from '_Ty' to 'float', possible loss of data
          with
          [
              _Ty=int
          ]
C:\Program Files\Microsoft Visual Studio\2022\Community\VC\Tools\MSVC\14.37.32822\include\vector(800,27): message : see reference to function template instantiation 'void std::_Default_allocator_traits<_Alloc>::construct<_Ty,int&,float,float,int>(_Alloc &,_Objty *const ,int &,float &&,float &&,int &&)' being compiled
          with
          [
              _Alloc=std::allocator<Entity>,
              _Ty=Entity,
              _Objty=Entity
          ]
C:\Program Files\Microsoft Visual Studio\2022\Community\VC\Tools\MSVC\14.37.32822\include\vector(782,20): message : see reference to function template instantiation '_Ty &std::vector<_Ty,std::allocator<_Ty>>::_Emplace_back_with_unused_capacity<int&,float,float,int>(int &,float &&,float &&,int &&)' being compiled
          with
          [
              _Ty=Entity
          ]
C:\Program Files\Microsoft Visual Studio\2022\Community\VC\Tools\MSVC\14.37.32822\include\vector(864,24): message : see reference to function template instantiation '_Ty &std::vector<_Ty,std::allocator<_Ty>>::_Emplace_one_at_back<int&,float,float,int>(int &,float &&,float &&,int &&)' being compiled
          with
          [
              _Ty=Entity
          ]
D:\Programming\C++\CircuitSimulator_SFML\CirciutGUI\src\Circuit_GUI.cpp(1621,9): message : see reference to function template instantiation '_Ty &std::vector<_Ty,std::allocator<_Ty>>::emplace_back<int&,float,float,int>(int &,float &&,float &&,int &&)' being compiled
          with
          [
              _Ty=Entity
          ]
  Circuit_Wire.cpp
D:\Programming\C++\CircuitSimulator_SFML\CirciutGUI\src\Circuit_Entity.hpp(3,10): warning C4067: unexpected tokens following preprocessor directive - expected a newline
D:\Programming\C++\CircuitSimulator_SFML\CirciutGUI\src\Circuit_Wire.cpp(35,54): warning C4244: 'argument': conversion from 'int' to 'float', possible loss of data
D:\Programming\C++\CircuitSimulator_SFML\CirciutGUI\src\Circuit_Wire.cpp(35,11): warning C4244: 'initializing': conversion from 'float' to 'int', possible loss of data
D:\Programming\C++\CircuitSimulator_SFML\CirciutGUI\src\Circuit_Wire.cpp(36,54): warning C4244: 'argument': conversion from 'int' to 'float', possible loss of data
D:\Programming\C++\CircuitSimulator_SFML\CirciutGUI\src\Circuit_Wire.cpp(36,11): warning C4244: 'initializing': conversion from 'float' to 'int', possible loss of data
D:\Programming\C++\CircuitSimulator_SFML\CirciutGUI\src\Circuit_Wire.cpp(41,48): warning C4244: 'argument': conversion from 'int' to 'T', possible loss of data
          with
          [
              T=float
          ]
D:\Programming\C++\CircuitSimulator_SFML\CirciutGUI\src\Circuit_Wire.cpp(45,39): warning C4244: 'argument': conversion from 'int' to 'T', possible loss of data
          with
          [
              T=float
          ]
D:\Programming\C++\CircuitSimulator_SFML\CirciutGUI\src\Circuit_Wire.cpp(157,18): warning C4244: 'argument': conversion from 'int' to 'float', possible loss of data
D:\Programming\C++\CircuitSimulator_SFML\CirciutGUI\src\Circuit_Wire.cpp(157,11): warning C4244: 'argument': conversion from 'int' to 'float', possible loss of data
D:\Programming\C++\CircuitSimulator_SFML\CirciutGUI\src\Circuit_Wire.cpp(173,31): warning C4244: 'argument': conversion from 'int' to 'float', possible loss of data
D:\Programming\C++\CircuitSimulator_SFML\CirciutGUI\src\Circuit_Wire.cpp(191,49): warning C4244: 'argument': conversion from '_Ty' to 'T', possible loss of data
          with
          [
              _Ty=int
          ]
          and
          [
              T=float
          ]
D:\Programming\C++\CircuitSimulator_SFML\CirciutGUI\src\Circuit_Wire.cpp(191,36): warning C4244: 'argument': conversion from '_Ty' to 'T', possible loss of data
          with
          [
              _Ty=int
          ]
          and
          [
              T=float
          ]
D:\Programming\C++\CircuitSimulator_SFML\CirciutGUI\src\Circuit_Wire.cpp(202,49): warning C4244: 'argument': conversion from '_Ty' to 'T', possible loss of data
          with
          [
              _Ty=int
          ]
          and
          [
              T=float
          ]
D:\Programming\C++\CircuitSimulator_SFML\CirciutGUI\src\Circuit_Wire.cpp(202,36): warning C4244: 'argument': conversion from '_Ty' to 'T', possible loss of data
          with
          [
              _Ty=int
          ]
          and
          [
              T=float
          ]
D:\Programming\C++\CircuitSimulator_SFML\CirciutGUI\src\Circuit_Wire.cpp(219,56): warning C4244: 'argument': conversion from '_Ty' to 'T', possible loss of data
          with
          [
              _Ty=int
          ]
          and
          [
              T=float
          ]
D:\Programming\C++\CircuitSimulator_SFML\CirciutGUI\src\Circuit_Wire.cpp(226,37): warning C4244: 'argument': conversion from '_Ty' to 'T', possible loss of data
          with
          [
              _Ty=int
          ]
          and
          [
              T=float
          ]
D:\Programming\C++\CircuitSimulator_SFML\CirciutGUI\src\Circuit_Wire.cpp(285,9): warning C4244: 'initializing': conversion from 'const T' to 'int', possible loss of data
          with
          [
              T=float
          ]
D:\Programming\C++\CircuitSimulator_SFML\CirciutGUI\src\Circuit_Wire.cpp(286,9): warning C4244: 'initializing': conversion from 'const T' to 'int', possible loss of data
          with
          [
              T=float
          ]
D:\Programming\C++\CircuitSimulator_SFML\CirciutGUI\src\Circuit_Wire.cpp(322,10): warning C4244: 'initializing': conversion from 'const T' to 'int', possible loss of data
          with
          [
              T=float
          ]
D:\Programming\C++\CircuitSimulator_SFML\CirciutGUI\src\Circuit_Wire.cpp(323,10): warning C4244: 'initializing': conversion from 'const T' to 'int', possible loss of data
          with
          [
              T=float
          ]
D:\Programming\C++\CircuitSimulator_SFML\CirciutGUI\src\Circuit_Wire.cpp(327,16): warning C4244: '=': conversion from 'T' to 'int', possible loss of data
          with
          [
              T=float
          ]
D:\Programming\C++\CircuitSimulator_SFML\CirciutGUI\src\Circuit_Wire.cpp(328,15): warning C4244: '=': conversion from 'T' to 'int', possible loss of data
          with
          [
              T=float
          ]
D:\Programming\C++\CircuitSimulator_SFML\CirciutGUI\src\Circuit_Wire.cpp(329,17): warning C4244: '=': conversion from 'T' to 'int', possible loss of data
          with
          [
              T=float
          ]
D:\Programming\C++\CircuitSimulator_SFML\CirciutGUI\src\Circuit_Wire.cpp(330,18): warning C4244: '=': conversion from 'T' to 'int', possible loss of data
          with
          [
              T=float
          ]
D:\Programming\C++\CircuitSimulator_SFML\CirciutGUI\src\Circuit_Wire.cpp(352,9): warning C4244: 'initializing': conversion from 'const T' to 'int', possible loss of data
          with
          [
              T=float
          ]
D:\Programming\C++\CircuitSimulator_SFML\CirciutGUI\src\Circuit_Wire.cpp(353,9): warning C4244: 'initializing': conversion from 'const T' to 'int', possible loss of data
          with
          [
              T=float
          ]
D:\Programming\C++\CircuitSimulator_SFML\CirciutGUI\src\Circuit_Wire.cpp(361,37): warning C4244: '=': conversion from 'int' to 'T', possible loss of data
          with
          [
              T=float
          ]
D:\Programming\C++\CircuitSimulator_SFML\CirciutGUI\src\Circuit_Wire.cpp(362,37): warning C4244: '=': conversion from 'int' to 'T', possible loss of data
          with
          [
              T=float
          ]
D:\Programming\C++\CircuitSimulator_SFML\CirciutGUI\src\Circuit_Wire.cpp(363,34): warning C4244: '=': conversion from 'int' to 'T', possible loss of data
          with
          [
              T=float
          ]
D:\Programming\C++\CircuitSimulator_SFML\CirciutGUI\src\Circuit_Wire.cpp(364,35): warning C4244: '=': conversion from 'int' to 'T', possible loss of data
          with
          [
              T=float
          ]
D:\Programming\C++\CircuitSimulator_SFML\CirciutGUI\src\Circuit_Wire.cpp(366,41): warning C4244: '+=': conversion from 'T' to 'int', possible loss of data
          with
          [
              T=float
          ]
D:\Programming\C++\CircuitSimulator_SFML\CirciutGUI\src\Circuit_Wire.cpp(366,65): warning C4244: '=': conversion from 'T' to 'int', possible loss of data
          with
          [
              T=float
          ]
D:\Programming\C++\CircuitSimulator_SFML\CirciutGUI\src\Circuit_Wire.cpp(367,40): warning C4244: '+=': conversion from 'T' to 'int', possible loss of data
          with
          [
              T=float
          ]
D:\Programming\C++\CircuitSimulator_SFML\CirciutGUI\src\Circuit_Wire.cpp(367,62): warning C4244: '=': conversion from 'T' to 'int', possible loss of data
          with
          [
              T=float
          ]
D:\Programming\C++\CircuitSimulator_SFML\CirciutGUI\src\Circuit_Wire.cpp(368,71): warning C4244: '=': conversion from 'T' to 'int', possible loss of data
          with
          [
              T=float
          ]
D:\Programming\C++\CircuitSimulator_SFML\CirciutGUI\src\Circuit_Wire.cpp(369,70): warning C4244: '=': conversion from 'T' to 'int', possible loss of data
          with
          [
              T=float
          ]
D:\Programming\C++\CircuitSimulator_SFML\CirciutGUI\src\Circuit_Wire.cpp(374,14): warning C4244: '=': conversion from 'int' to 'T', possible loss of data
          with
          [
              T=float
          ]
D:\Programming\C++\CircuitSimulator_SFML\CirciutGUI\src\Circuit_Wire.cpp(375,13): warning C4244: '=': conversion from 'int' to 'T', possible loss of data
          with
          [
              T=float
          ]
D:\Programming\C++\CircuitSimulator_SFML\CirciutGUI\src\Circuit_Wire.cpp(376,15): warning C4244: '=': conversion from 'int' to 'T', possible loss of data
          with
          [
              T=float
          ]
D:\Programming\C++\CircuitSimulator_SFML\CirciutGUI\src\Circuit_Wire.cpp(377,16): warning C4244: '=': conversion from 'int' to 'T', possible loss of data
          with
          [
              T=float
          ]
C:\Program Files\Microsoft Visual Studio\2022\Community\VC\Tools\MSVC\14.37.32822\include\xmemory(719,103): warning C4244: 'argument': conversion from '_Ty' to 'T', possible loss of data
          with
          [
              _Ty=int
          ]
          and
          [
              T=float
          ]
C:\Program Files\Microsoft Visual Studio\2022\Community\VC\Tools\MSVC\14.37.32822\include\vector(800,27): message : see reference to function template instantiation 'void std::_Default_allocator_traits<_Alloc>::construct<_Ty,int&,int&>(_Alloc &,_Objty *const ,int &,int &)' being compiled
          with
          [
              _Alloc=std::allocator<sf::Vector2f>,
              _Ty=sf::Vector2<float>,
              _Objty=sf::Vector2<float>
          ]
C:\Program Files\Microsoft Visual Studio\2022\Community\VC\Tools\MSVC\14.37.32822\include\vector(782,20): message : see reference to function template instantiation '_Ty &std::vector<_Ty,std::allocator<_Ty>>::_Emplace_back_with_unused_capacity<int&,int&>(int &,int &)' being compiled
          with
          [
              _Ty=sf::Vector2f
          ]
C:\Program Files\Microsoft Visual Studio\2022\Community\VC\Tools\MSVC\14.37.32822\include\vector(864,24): message : see reference to function template instantiation '_Ty &std::vector<_Ty,std::allocator<_Ty>>::_Emplace_one_at_back<int&,int&>(int &,int &)' being compiled
          with
          [
              _Ty=sf::Vector2f
          ]
D:\Programming\C++\CircuitSimulator_SFML\CirciutGUI\src\Circuit_Wire.cpp(188,15): message : see reference to function template instantiation '_Ty &std::vector<_Ty,std::allocator<_Ty>>::emplace_back<int&,int&>(int &,int &)' being compiled
          with
          [
              _Ty=sf::Vector2f
          ]
  Circuit_Item.cpp
D:\Programming\C++\CircuitSimulator_SFML\CirciutGUI\src\Circuit_Entity.hpp(3,10): warning C4067: unexpected tokens following preprocessor directive - expected a newline
D:\Programming\C++\CircuitSimulator_SFML\CirciutGUI\src\Circuit_Item.cpp(46,58): warning C4244: 'argument': conversion from 'int' to 'float', possible loss of data
  Generating code
  Previous IPDB not found, fall back to full compilation.
  All 4364 functions were compiled because no usable IPDB/IOBJ from previous compilation was found.
  Finished generating code
  CirciutGUI.vcxproj -> D:\Programming\C++\CircuitSimulator_SFML\CirciutGUI\bin\Dist-x64\CirciutGUI_x64_Dist.exe
