  imgui-SFML.cpp
E:\Programming\C++\CircuitSimulator_SFML\dependencies\imgui\imgui-SFML.cpp(559,67): warning C4244: 'argument': conversion from 'const int' to 'float', possible loss of data
E:\Programming\C++\CircuitSimulator_SFML\dependencies\imgui\imgui-SFML.cpp(559,48): warning C4244: 'argument': conversion from 'const int' to 'float', possible loss of data
  imgui.cpp
  imgui_draw.cpp
  imgui_tables.cpp
  imgui_widgets.cpp
  Circiut_Sim_main.cpp
E:\Programming\C++\CircuitSimulator_SFML\Circiut_Sim\src\Circuit_Entity.h(5,10): warning C4067: unexpected tokens following preprocessor directive - expected a newline
E:\Programming\C++\CircuitSimulator_SFML\Circiut_Sim\src\Circuit_Entity.h(34,9): warning C4244: '=': conversion from 'int' to 'float', possible loss of data
E:\Programming\C++\CircuitSimulator_SFML\Circiut_Sim\src\Circuit_Entity.h(34,20): warning C4244: '=': conversion from 'int' to 'float', possible loss of data
E:\Programming\C++\CircuitSimulator_SFML\Circiut_Sim\src\Circuit_Entity.h(42,43): warning C4244: 'argument': conversion from 'T' to 'float', possible loss of data
          with
          [
              T=unsigned int
          ]
E:\Programming\C++\CircuitSimulator_SFML\Circiut_Sim\src\Circuit_wire.h(48,21): warning C4018: '<': signed/unsigned mismatch
E:\Programming\C++\CircuitSimulator_SFML\Circiut_Sim\src\Circiut_Sim_main.cpp(57,60): warning C4244: 'argument': conversion from 'int' to 'T', possible loss of data
          with
          [
              T=float
          ]
E:\Programming\C++\CircuitSimulator_SFML\Circiut_Sim\src\Circiut_Sim_main.cpp(57,57): warning C4244: 'argument': conversion from 'int' to 'T', possible loss of data
          with
          [
              T=float
          ]
E:\Programming\C++\CircuitSimulator_SFML\Circiut_Sim\src\Circiut_Sim_main.cpp(57,38): warning C4244: 'argument': conversion from 'int' to 'T', possible loss of data
          with
          [
              T=float
          ]
E:\Programming\C++\CircuitSimulator_SFML\Circiut_Sim\src\Circiut_Sim_main.cpp(57,31): warning C4244: 'argument': conversion from 'int' to 'T', possible loss of data
          with
          [
              T=float
          ]
E:\Programming\C++\CircuitSimulator_SFML\Circiut_Sim\src\Circiut_Sim_main.cpp(63,12): warning C4244: 'argument': conversion from 'time_t' to 'unsigned int', possible loss of data
E:\Programming\C++\CircuitSimulator_SFML\Circiut_Sim\src\Circiut_Sim_main.cpp(107,30): warning C4244: 'argument': conversion from 'int' to 'T', possible loss of data
          with
          [
              T=float
          ]
E:\Programming\C++\CircuitSimulator_SFML\Circiut_Sim\src\Circiut_Sim_main.cpp(111,21): warning C4018: '<': signed/unsigned mismatch
E:\Programming\C++\CircuitSimulator_SFML\Circiut_Sim\src\Circiut_Sim_main.cpp(112,84): warning C4244: 'argument': conversion from 'int' to 'float', possible loss of data
E:\Programming\C++\CircuitSimulator_SFML\Circiut_Sim\src\Circiut_Sim_main.cpp(112,73): warning C4244: 'argument': conversion from 'int' to 'float', possible loss of data
E:\Programming\C++\CircuitSimulator_SFML\Circiut_Sim\src\Circiut_Sim_main.cpp(118,18): warning C4244: '=': conversion from 'int' to 'T', possible loss of data
          with
          [
              T=float
          ]
E:\Programming\C++\CircuitSimulator_SFML\Circiut_Sim\src\Circiut_Sim_main.cpp(122,21): warning C4018: '<': signed/unsigned mismatch
E:\Programming\C++\CircuitSimulator_SFML\Circiut_Sim\src\Circiut_Sim_main.cpp(123,90): warning C4244: 'argument': conversion from 'int' to 'float', possible loss of data
E:\Programming\C++\CircuitSimulator_SFML\Circiut_Sim\src\Circiut_Sim_main.cpp(123,26): warning C4244: 'argument': conversion from 'int' to 'float', possible loss of data
E:\Programming\C++\CircuitSimulator_SFML\Circiut_Sim\src\Circiut_Sim_main.cpp(161,47): warning C4244: 'argument': conversion from 'T' to 'float', possible loss of data
          with
          [
              T=unsigned int
          ]
E:\Programming\C++\CircuitSimulator_SFML\Circiut_Sim\src\Circiut_Sim_main.cpp(236,78): warning C4244: 'argument': conversion from 'unsigned int' to 'float', possible loss of data
E:\Programming\C++\CircuitSimulator_SFML\Circiut_Sim\src\Circiut_Sim_main.cpp(236,61): warning C4244: 'argument': conversion from 'unsigned int' to 'float', possible loss of data
E:\Programming\C++\CircuitSimulator_SFML\Circiut_Sim\src\Circiut_Sim_main.cpp(253,14): warning C4018: '<': signed/unsigned mismatch
E:\Programming\C++\CircuitSimulator_SFML\Circiut_Sim\src\Circiut_Sim_main.cpp(309,25): warning C4018: '<': signed/unsigned mismatch
E:\Programming\C++\CircuitSimulator_SFML\Circiut_Sim\src\Circiut_Sim_main.cpp(332,25): warning C4018: '<': signed/unsigned mismatch
E:\Programming\C++\CircuitSimulator_SFML\Circiut_Sim\src\Circiut_Sim_main.cpp(337,40): warning C4018: '<': signed/unsigned mismatch
E:\Programming\C++\CircuitSimulator_SFML\Circiut_Sim\src\Circiut_Sim_main.cpp(346,25): warning C4018: '<': signed/unsigned mismatch
E:\Programming\C++\CircuitSimulator_SFML\Circiut_Sim\src\Circiut_Sim_main.cpp(371,52): warning C4244: 'argument': conversion from 'int' to 'float', possible loss of data
E:\Programming\C++\CircuitSimulator_SFML\Circiut_Sim\src\Circiut_Sim_main.cpp(371,66): warning C4244: 'argument': conversion from 'int' to 'float', possible loss of data
E:\Programming\C++\CircuitSimulator_SFML\Circiut_Sim\src\Circiut_Sim_main.cpp(421,26): warning C4018: '<': signed/unsigned mismatch
E:\Programming\C++\CircuitSimulator_SFML\Circiut_Sim\src\Circiut_Sim_main.cpp(436,27): warning C4018: '<': signed/unsigned mismatch
E:\Programming\C++\CircuitSimulator_SFML\Circiut_Sim\src\Circiut_Sim_main.cpp(456,42): warning C4018: '<': signed/unsigned mismatch
E:\Programming\C++\CircuitSimulator_SFML\Circiut_Sim\src\Circiut_Sim_main.cpp(473,61): warning C4018: '<=': signed/unsigned mismatch
E:\Programming\C++\CircuitSimulator_SFML\Circiut_Sim\src\Circiut_Sim_main.cpp(478,52): warning C4244: 'argument': conversion from 'int' to 'float', possible loss of data
E:\Programming\C++\CircuitSimulator_SFML\Circiut_Sim\src\Circiut_Sim_main.cpp(478,66): warning C4244: 'argument': conversion from 'int' to 'float', possible loss of data
E:\Programming\C++\CircuitSimulator_SFML\Circiut_Sim\src\Circiut_Sim_main.cpp(556,46): warning C4018: '<': signed/unsigned mismatch
E:\Programming\C++\CircuitSimulator_SFML\Circiut_Sim\src\Circiut_Sim_main.cpp(571,127): warning C4244: 'argument': conversion from 'T' to 'float', possible loss of data
          with
          [
              T=unsigned int
          ]
E:\Programming\C++\CircuitSimulator_SFML\Circiut_Sim\src\Circiut_Sim_main.cpp(571,79): warning C4244: 'argument': conversion from 'T' to 'float', possible loss of data
          with
          [
              T=unsigned int
          ]
E:\Programming\C++\CircuitSimulator_SFML\Circiut_Sim\src\Circiut_Sim_main.cpp(660,25): warning C4018: '<': signed/unsigned mismatch
E:\Programming\C++\CircuitSimulator_SFML\Circiut_Sim\src\Circiut_Sim_main.cpp(718,25): warning C4018: '<': signed/unsigned mismatch
E:\Programming\C++\CircuitSimulator_SFML\Circiut_Sim\src\Circiut_Sim_main.cpp(720,20): warning C4244: 'initializing': conversion from 'int' to 'float', possible loss of data
E:\Programming\C++\CircuitSimulator_SFML\Circiut_Sim\src\Circiut_Sim_main.cpp(721,20): warning C4244: 'initializing': conversion from 'int' to 'float', possible loss of data
E:\Programming\C++\CircuitSimulator_SFML\Circiut_Sim\src\Circiut_Sim_main.cpp(727,26): warning C4018: '<': signed/unsigned mismatch
E:\Programming\C++\CircuitSimulator_SFML\Circiut_Sim\src\Circiut_Sim_main.cpp(733,37): warning C4244: '=': conversion from 'int' to 'float', possible loss of data
E:\Programming\C++\CircuitSimulator_SFML\Circiut_Sim\src\Circiut_Sim_main.cpp(734,37): warning C4244: '=': conversion from 'int' to 'float', possible loss of data
E:\Programming\C++\CircuitSimulator_SFML\Circiut_Sim\src\Circiut_Sim_main.cpp(752,23): warning C4018: '<': signed/unsigned mismatch
E:\Programming\C++\CircuitSimulator_SFML\Circiut_Sim\src\Circiut_Sim_main.cpp(756,15): warning C4018: '<': signed/unsigned mismatch
E:\Programming\C++\CircuitSimulator_SFML\Circiut_Sim\src\Circiut_Sim_main.cpp(779,26): warning C4018: '<': signed/unsigned mismatch
E:\Programming\C++\CircuitSimulator_SFML\Circiut_Sim\src\Circiut_Sim_main.cpp(781,25): warning C4018: '<': signed/unsigned mismatch
E:\Programming\C++\CircuitSimulator_SFML\Circiut_Sim\src\Circiut_Sim_main.cpp(834,23): warning C4018: '<': signed/unsigned mismatch
E:\Programming\C++\CircuitSimulator_SFML\Circiut_Sim\src\Circiut_Sim_main.cpp(838,23): warning C4018: '<': signed/unsigned mismatch
E:\Programming\C++\CircuitSimulator_SFML\Circiut_Sim\src\Circiut_Sim_main.cpp(853,23): warning C4018: '<': signed/unsigned mismatch
E:\Programming\C++\CircuitSimulator_SFML\Circiut_Sim\src\Circiut_Sim_main.cpp(863,23): warning C4018: '<': signed/unsigned mismatch
E:\Programming\C++\CircuitSimulator_SFML\Circiut_Sim\src\Circiut_Sim_main.cpp(880,270): warning C4244: 'argument': conversion from 'const float' to 'int', possible loss of data
E:\Programming\C++\CircuitSimulator_SFML\Circiut_Sim\src\Circiut_Sim_main.cpp(880,266): warning C4244: 'argument': conversion from 'T' to 'float', possible loss of data
          with
          [
              T=int
          ]
E:\Programming\C++\CircuitSimulator_SFML\Circiut_Sim\src\Circiut_Sim_main.cpp(896,24): warning C4018: '<': signed/unsigned mismatch
E:\Programming\C++\CircuitSimulator_SFML\Circiut_Sim\src\Circiut_Sim_main.cpp(914,23): warning C4018: '<': signed/unsigned mismatch
E:\Programming\C++\CircuitSimulator_SFML\Circiut_Sim\src\Circiut_Sim_main.cpp(917,52): warning C4244: 'argument': conversion from 'int' to 'float', possible loss of data
E:\Programming\C++\CircuitSimulator_SFML\Circiut_Sim\src\Circiut_Sim_main.cpp(917,41): warning C4244: 'argument': conversion from 'int' to 'float', possible loss of data
E:\Programming\C++\CircuitSimulator_SFML\Circiut_Sim\src\Circiut_Sim_main.cpp(918,75): warning C4244: 'argument': conversion from 'int' to 'T', possible loss of data
          with
          [
              T=float
          ]
E:\Programming\C++\CircuitSimulator_SFML\Circiut_Sim\src\Circiut_Sim_main.cpp(918,52): warning C4244: 'argument': conversion from 'int' to 'T', possible loss of data
          with
          [
              T=float
          ]
E:\Programming\C++\CircuitSimulator_SFML\Circiut_Sim\src\Circiut_Sim_main.cpp(937,23): warning C4018: '<': signed/unsigned mismatch
E:\Programming\C++\CircuitSimulator_SFML\Circiut_Sim\src\Circiut_Sim_main.cpp(938,23): warning C4018: '<': signed/unsigned mismatch
E:\Programming\C++\CircuitSimulator_SFML\Circiut_Sim\src\Circiut_Sim_main.cpp(942,23): warning C4018: '<': signed/unsigned mismatch
E:\Programming\C++\CircuitSimulator_SFML\Circiut_Sim\src\Circiut_Sim_main.cpp(945,32): warning C4018: '<': signed/unsigned mismatch
E:\Programming\C++\CircuitSimulator_SFML\Circiut_Sim\src\Circiut_Sim_main.cpp(948,23): warning C4018: '<': signed/unsigned mismatch
E:\Programming\C++\CircuitSimulator_SFML\Circiut_Sim\src\Circiut_Sim_main.cpp(952,23): warning C4018: '<': signed/unsigned mismatch
E:\Programming\C++\CircuitSimulator_SFML\Circiut_Sim\src\Circiut_Sim_main.cpp(1001,20): warning C4018: '<': signed/unsigned mismatch
E:\Programming\C++\CircuitSimulator_SFML\Circiut_Sim\src\Circiut_Sim_main.cpp(1011,22): warning C4018: '<': signed/unsigned mismatch
E:\Programming\C++\CircuitSimulator_SFML\Circiut_Sim\src\Circiut_Sim_main.cpp(1021,19): warning C4018: '<=': signed/unsigned mismatch
E:\Programming\C++\CircuitSimulator_SFML\Circiut_Sim\src\Circiut_Sim_main.cpp(1028,19): warning C4018: '<': signed/unsigned mismatch
E:\Programming\C++\CircuitSimulator_SFML\Circiut_Sim\src\Circiut_Sim_main.cpp(1042,21): warning C4018: '<': signed/unsigned mismatch
E:\Programming\C++\CircuitSimulator_SFML\Circiut_Sim\src\Circiut_Sim_main.cpp(1062,20): warning C4018: '<': signed/unsigned mismatch
E:\Programming\C++\CircuitSimulator_SFML\Circiut_Sim\src\Circiut_Sim_main.cpp(1081,22): warning C4018: '<': signed/unsigned mismatch
E:\Programming\C++\CircuitSimulator_SFML\Circiut_Sim\src\Circiut_Sim_main.cpp(1082,23): warning C4018: '<': signed/unsigned mismatch
E:\Programming\C++\CircuitSimulator_SFML\Circiut_Sim\src\Circiut_Sim_main.cpp(1103,14): warning C4244: 'initializing': conversion from 'int' to 'float', possible loss of data
E:\Programming\C++\CircuitSimulator_SFML\Circiut_Sim\src\Circiut_Sim_main.cpp(1104,14): warning C4244: 'initializing': conversion from 'int' to 'float', possible loss of data
E:\Programming\C++\CircuitSimulator_SFML\Circiut_Sim\src\Circiut_Sim_main.cpp(1106,37): warning C4018: '<': signed/unsigned mismatch
E:\Programming\C++\CircuitSimulator_SFML\Circiut_Sim\src\Circiut_Sim_main.cpp(1107,39): warning C4018: '<': signed/unsigned mismatch
E:\Programming\C++\CircuitSimulator_SFML\Circiut_Sim\src\Circiut_Sim_main.cpp(1111,41): warning C4244: 'argument': conversion from 'float' to 'unsigned int', possible loss of data
E:\Programming\C++\CircuitSimulator_SFML\Circiut_Sim\src\Circiut_Sim_main.cpp(1111,31): warning C4244: 'argument': conversion from 'float' to 'unsigned int', possible loss of data
E:\Programming\C++\CircuitSimulator_SFML\Circiut_Sim\src\Circiut_Sim_main.cpp(1159,20): warning C4018: '<': signed/unsigned mismatch
E:\Programming\C++\CircuitSimulator_SFML\Circiut_Sim\src\Circiut_Sim_main.cpp(1183,20): warning C4018: '<': signed/unsigned mismatch
E:\Programming\C++\CircuitSimulator_SFML\Circiut_Sim\src\Circiut_Sim_main.cpp(1230,18): warning C4244: '=': conversion from 'float' to 'int', possible loss of data
E:\Programming\C++\CircuitSimulator_SFML\Circiut_Sim\src\Circiut_Sim_main.cpp(1230,39): warning C4244: '=': conversion from 'float' to 'int', possible loss of data
E:\Programming\C++\CircuitSimulator_SFML\Circiut_Sim\src\Circiut_Sim_main.cpp(1230,60): warning C4244: '=': conversion from 'float' to 'int', possible loss of data
E:\Programming\C++\CircuitSimulator_SFML\Circiut_Sim\src\Circiut_Sim_main.cpp(1230,81): warning C4244: '=': conversion from 'float' to 'int', possible loss of data
C:\Program Files\Microsoft Visual Studio\2022\Community\VC\Tools\MSVC\14.33.31629\include\xutility(224,72): warning C4244: 'argument': conversion from '_Ty' to 'float', possible loss of data
          with
          [
              _Ty=int
          ]
C:\Program Files\Microsoft Visual Studio\2022\Community\VC\Tools\MSVC\14.33.31629\include\xutility(223): message : see reference to function template instantiation '_Ty *std::construct_at<_Objty,int,float,float,int,void>(_Ty *const ,int &&,float &&,float &&,int &&) noexcept(<expr>)' being compiled
          with
          [
              _Ty=Entity,
              _Objty=Entity
          ]
C:\Program Files\Microsoft Visual Studio\2022\Community\VC\Tools\MSVC\14.33.31629\include\vector(829): message : see reference to function template instantiation 'void std::_Default_allocator_traits<_Alloc>::construct<_Ty,int,float,float,int>(_Alloc &,_Objty *const ,int &&,float &&,float &&,int &&)' being compiled
          with
          [
              _Alloc=std::allocator<Entity>,
              _Ty=Entity,
              _Objty=Entity
          ]
C:\Program Files\Microsoft Visual Studio\2022\Community\VC\Tools\MSVC\14.33.31629\include\vector(840): message : see reference to function template instantiation 'void std::_Default_allocator_traits<_Alloc>::construct<_Ty,int,float,float,int>(_Alloc &,_Objty *const ,int &&,float &&,float &&,int &&)' being compiled
          with
          [
              _Alloc=std::allocator<Entity>,
              _Ty=Entity,
              _Objty=Entity
          ]
C:\Program Files\Microsoft Visual Studio\2022\Community\VC\Tools\MSVC\14.33.31629\include\vector(816): message : see reference to function template instantiation '_Ty &std::vector<_Ty,std::allocator<_Ty>>::_Emplace_back_with_unused_capacity<int,float,float,int>(int &&,float &&,float &&,int &&)' being compiled
          with
          [
              _Ty=Entity
          ]
C:\Program Files\Microsoft Visual Studio\2022\Community\VC\Tools\MSVC\14.33.31629\include\vector(822): message : see reference to function template instantiation '_Ty &std::vector<_Ty,std::allocator<_Ty>>::_Emplace_back_with_unused_capacity<int,float,float,int>(int &&,float &&,float &&,int &&)' being compiled
          with
          [
              _Ty=Entity
          ]
C:\Program Files\Microsoft Visual Studio\2022\Community\VC\Tools\MSVC\14.33.31629\include\vector(902): message : see reference to function template instantiation '_Ty &std::vector<_Ty,std::allocator<_Ty>>::_Emplace_one_at_back<int,float,float,int>(int &&,float &&,float &&,int &&)' being compiled
          with
          [
              _Ty=Entity
          ]
C:\Program Files\Microsoft Visual Studio\2022\Community\VC\Tools\MSVC\14.33.31629\include\vector(904): message : see reference to function template instantiation '_Ty &std::vector<_Ty,std::allocator<_Ty>>::_Emplace_one_at_back<int,float,float,int>(int &&,float &&,float &&,int &&)' being compiled
          with
          [
              _Ty=Entity
          ]
E:\Programming\C++\CircuitSimulator_SFML\Circiut_Sim\src\Circiut_Sim_main.cpp(371): message : see reference to function template instantiation '_Ty &std::vector<_Ty,std::allocator<_Ty>>::emplace_back<int,float,float,int>(int &&,float &&,float &&,int &&)' being compiled
          with
          [
              _Ty=Entity
          ]
C:\Program Files\Microsoft Visual Studio\2022\Community\VC\Tools\MSVC\14.33.31629\include\xmemory(682,68): warning C4244: 'argument': conversion from '_Ty' to 'float', possible loss of data
          with
          [
              _Ty=int
          ]
C:\Program Files\Microsoft Visual Studio\2022\Community\VC\Tools\MSVC\14.33.31629\include\xutility(225,85): warning C4244: 'argument': conversion from '_Ty' to 'float', possible loss of data
          with
          [
              _Ty=int
          ]
C:\Program Files\Microsoft Visual Studio\2022\Community\VC\Tools\MSVC\14.33.31629\include\xmemory(675): message : see reference to function template instantiation '_Ty *std::construct_at<_Objty,int,float,float,int,void>(_Ty *const ,int &&,float &&,float &&,int &&) noexcept(false)' being compiled
          with
          [
              _Ty=Entity,
              _Objty=Entity
          ]
C:\Program Files\Microsoft Visual Studio\2022\Community\VC\Tools\MSVC\14.33.31629\include\vector(829): message : see reference to function template instantiation 'void std::_Default_allocator_traits<_Alloc>::construct<_Ty,int,float,float,int>(_Alloc &,_Objty *const ,int &&,float &&,float &&,int &&)' being compiled
          with
          [
              _Alloc=std::allocator<Entity>,
              _Ty=Entity,
              _Objty=Entity
          ]
C:\Program Files\Microsoft Visual Studio\2022\Community\VC\Tools\MSVC\14.33.31629\include\vector(840): message : see reference to function template instantiation 'void std::_Default_allocator_traits<_Alloc>::construct<_Ty,int,float,float,int>(_Alloc &,_Objty *const ,int &&,float &&,float &&,int &&)' being compiled
          with
          [
              _Alloc=std::allocator<Entity>,
              _Ty=Entity,
              _Objty=Entity
          ]
  Generating Code...
  Circiut_Sim.vcxproj -> E:\Programming\C++\CircuitSimulator_SFML\Debug\Circiut_Sim.exe
