  Circuit_App.cpp
D:\Programming\C++\CircuitSimulator_SFML\CirciutGUI\src\Circuit_Entity.hpp(3,10): warning C4067: unexpected tokens following preprocessor directive - expected a newline
D:\Programming\C++\CircuitSimulator_SFML\CirciutGUI\src\Resource_Manager.hpp(55,58): warning C4267: 'argument': conversion from 'size_t' to 'DWORD', possible loss of data
D:\Programming\C++\CircuitSimulator_SFML\CirciutGUI\src\Circuit_App.cpp(35,12): warning C4244: 'argument': conversion from 'time_t' to 'unsigned int', possible loss of data
D:\Programming\C++\CircuitSimulator_SFML\CirciutGUI\src\Circuit_App.cpp(138,19): warning C4244: 'argument': conversion from 'int' to 'T', possible loss of data
          with
          [
              T=float
          ]
D:\Programming\C++\CircuitSimulator_SFML\CirciutGUI\src\Circuit_App.cpp(137,19): warning C4244: 'argument': conversion from 'int' to 'T', possible loss of data
          with
          [
              T=float
          ]
D:\Programming\C++\CircuitSimulator_SFML\CirciutGUI\src\Circuit_App.cpp(136,29): warning C4244: 'argument': conversion from 'int' to 'T', possible loss of data
          with
          [
              T=float
          ]
D:\Programming\C++\CircuitSimulator_SFML\CirciutGUI\src\Circuit_App.cpp(135,29): warning C4244: 'argument': conversion from 'int' to 'T', possible loss of data
          with
          [
              T=float
          ]
D:\Programming\C++\CircuitSimulator_SFML\CirciutGUI\src\Circuit_App.cpp(166,37): warning C4244: 'initializing': conversion from 'const int' to 'float', possible loss of data
D:\Programming\C++\CircuitSimulator_SFML\CirciutGUI\src\Circuit_App.cpp(166,35): warning C4244: 'initializing': conversion from 'const int' to 'const float', possible loss of data
D:\Programming\C++\CircuitSimulator_SFML\CirciutGUI\src\Circuit_App.cpp(261,18): warning C4267: 'initializing': conversion from 'size_t' to 'int', possible loss of data
D:\Programming\C++\CircuitSimulator_SFML\CirciutGUI\src\Circuit_App.cpp(408,17): warning C4267: 'initializing': conversion from 'size_t' to 'int', possible loss of data
D:\Programming\C++\CircuitSimulator_SFML\CirciutGUI\src\Circuit_App.cpp(599,30): warning C4244: '=': conversion from 'int' to 'float', possible loss of data
D:\Programming\C++\CircuitSimulator_SFML\CirciutGUI\src\Circuit_App.cpp(599,71): warning C4244: '=': conversion from 'int' to 'float', possible loss of data
D:\Programming\C++\CircuitSimulator_SFML\CirciutGUI\src\Circuit_App.cpp(1466,245): warning C4244: 'argument': conversion from 'const float' to 'int', possible loss of data
D:\Programming\C++\CircuitSimulator_SFML\CirciutGUI\src\Circuit_App.cpp(1466,241): warning C4244: 'argument': conversion from 'T' to 'float', possible loss of data
          with
          [
              T=int
          ]
D:\Programming\C++\CircuitSimulator_SFML\CirciutGUI\src\Circuit_App.cpp(1467,99): warning C4244: 'argument': conversion from 'const float' to 'int', possible loss of data
D:\Programming\C++\CircuitSimulator_SFML\CirciutGUI\src\Circuit_App.cpp(1467,95): warning C4244: 'argument': conversion from 'T' to 'float', possible loss of data
          with
          [
              T=int
          ]
C:\Program Files\Microsoft Visual Studio\2022\Community\VC\Tools\MSVC\14.36.32532\include\xmemory(677,68): warning C4244: 'argument': conversion from '_Ty' to 'float', possible loss of data
          with
          [
              _Ty=int
          ]
C:\Program Files\Microsoft Visual Studio\2022\Community\VC\Tools\MSVC\14.36.32532\include\vector(798,27): message : see reference to function template instantiation 'void std::_Default_allocator_traits<_Alloc>::construct<_Ty,int&,float&,float&,int>(_Alloc &,_Objty *const ,int &,float &,float &,int &&)' being compiled
          with
          [
              _Alloc=std::allocator<Entity>,
              _Ty=Entity,
              _Objty=Entity
          ]
C:\Program Files\Microsoft Visual Studio\2022\Community\VC\Tools\MSVC\14.36.32532\include\vector(780,20): message : see reference to function template instantiation '_Ty &std::vector<_Ty,std::allocator<_Ty>>::_Emplace_back_with_unused_capacity<int&,float&,float&,int>(int &,float &,float &,int &&)' being compiled
          with
          [
              _Ty=Entity
          ]
C:\Program Files\Microsoft Visual Studio\2022\Community\VC\Tools\MSVC\14.36.32532\include\vector(862,24): message : see reference to function template instantiation '_Ty &std::vector<_Ty,std::allocator<_Ty>>::_Emplace_one_at_back<int&,float&,float&,int>(int &,float &,float &,int &&)' being compiled
          with
          [
              _Ty=Entity
          ]
D:\Programming\C++\CircuitSimulator_SFML\CirciutGUI\src\Circuit_App.cpp(585,9): message : see reference to function template instantiation '_Ty &std::vector<_Ty,std::allocator<_Ty>>::emplace_back<int&,float&,float&,int>(int &,float &,float &,int &&)' being compiled
          with
          [
              _Ty=Entity
          ]
  Circuit_GUI.cpp
D:\Programming\C++\CircuitSimulator_SFML\CirciutGUI\src\Circuit_Entity.hpp(3,10): warning C4067: unexpected tokens following preprocessor directive - expected a newline
D:\Programming\C++\CircuitSimulator_SFML\CirciutGUI\src\Resource_Manager.hpp(55,58): warning C4267: 'argument': conversion from 'size_t' to 'DWORD', possible loss of data
D:\Programming\C++\CircuitSimulator_SFML\CirciutGUI\src\Circuit_GUI.cpp(259,19): warning C4267: 'initializing': conversion from 'size_t' to 'int', possible loss of data
D:\Programming\C++\CircuitSimulator_SFML\CirciutGUI\src\Circuit_GUI.cpp(298,21): warning C4244: '=': conversion from 'float' to 'int', possible loss of data
D:\Programming\C++\CircuitSimulator_SFML\CirciutGUI\src\Circuit_GUI.cpp(299,21): warning C4244: '=': conversion from 'float' to 'int', possible loss of data
D:\Programming\C++\CircuitSimulator_SFML\CirciutGUI\src\Circuit_GUI.cpp(302,33): warning C4244: '=': conversion from 'T' to 'int', possible loss of data
          with
          [
              T=float
          ]
D:\Programming\C++\CircuitSimulator_SFML\CirciutGUI\src\Circuit_GUI.cpp(303,33): warning C4244: '=': conversion from 'T' to 'int', possible loss of data
          with
          [
              T=float
          ]
D:\Programming\C++\CircuitSimulator_SFML\CirciutGUI\src\Circuit_GUI.cpp(306,14): warning C4267: 'initializing': conversion from 'size_t' to 'int', possible loss of data
D:\Programming\C++\CircuitSimulator_SFML\CirciutGUI\src\Circuit_GUI.cpp(385,19): warning C4267: 'initializing': conversion from 'size_t' to 'int', possible loss of data
D:\Programming\C++\CircuitSimulator_SFML\CirciutGUI\src\Circuit_GUI.cpp(425,17): warning C4244: '=': conversion from 'float' to 'int', possible loss of data
D:\Programming\C++\CircuitSimulator_SFML\CirciutGUI\src\Circuit_GUI.cpp(426,17): warning C4244: '=': conversion from 'float' to 'int', possible loss of data
D:\Programming\C++\CircuitSimulator_SFML\CirciutGUI\src\Circuit_GUI.cpp(429,29): warning C4244: '=': conversion from 'T' to 'int', possible loss of data
          with
          [
              T=float
          ]
D:\Programming\C++\CircuitSimulator_SFML\CirciutGUI\src\Circuit_GUI.cpp(430,29): warning C4244: '=': conversion from 'T' to 'int', possible loss of data
          with
          [
              T=float
          ]
D:\Programming\C++\CircuitSimulator_SFML\CirciutGUI\src\Circuit_GUI.cpp(433,14): warning C4267: 'initializing': conversion from 'size_t' to 'int', possible loss of data
D:\Programming\C++\CircuitSimulator_SFML\CirciutGUI\src\Circuit_GUI.cpp(587,60): warning C4244: '=': conversion from 'int' to 'T', possible loss of data
          with
          [
              T=float
          ]
D:\Programming\C++\CircuitSimulator_SFML\CirciutGUI\src\Circuit_GUI.cpp(587,101): warning C4244: '=': conversion from 'int' to 'T', possible loss of data
          with
          [
              T=float
          ]
D:\Programming\C++\CircuitSimulator_SFML\CirciutGUI\src\Circuit_GUI.cpp(588,60): warning C4244: '=': conversion from 'int' to 'T', possible loss of data
          with
          [
              T=float
          ]
D:\Programming\C++\CircuitSimulator_SFML\CirciutGUI\src\Circuit_GUI.cpp(588,101): warning C4244: '=': conversion from 'int' to 'T', possible loss of data
          with
          [
              T=float
          ]
D:\Programming\C++\CircuitSimulator_SFML\CirciutGUI\src\Circuit_GUI.cpp(589,60): warning C4244: '=': conversion from 'int' to 'T', possible loss of data
          with
          [
              T=float
          ]
D:\Programming\C++\CircuitSimulator_SFML\CirciutGUI\src\Circuit_GUI.cpp(589,101): warning C4244: '=': conversion from 'int' to 'T', possible loss of data
          with
          [
              T=float
          ]
D:\Programming\C++\CircuitSimulator_SFML\CirciutGUI\src\Circuit_GUI.cpp(590,60): warning C4244: '=': conversion from 'int' to 'T', possible loss of data
          with
          [
              T=float
          ]
D:\Programming\C++\CircuitSimulator_SFML\CirciutGUI\src\Circuit_GUI.cpp(590,101): warning C4244: '=': conversion from 'int' to 'T', possible loss of data
          with
          [
              T=float
          ]
D:\Programming\C++\CircuitSimulator_SFML\CirciutGUI\src\Circuit_GUI.cpp(597,52): warning C4244: 'argument': conversion from 'T' to 'sf::Uint8', possible loss of data
          with
          [
              T=float
          ]
D:\Programming\C++\CircuitSimulator_SFML\CirciutGUI\src\Circuit_GUI.cpp(596,45): warning C4244: 'argument': conversion from 'T' to 'sf::Uint8', possible loss of data
          with
          [
              T=float
          ]
D:\Programming\C++\CircuitSimulator_SFML\CirciutGUI\src\Circuit_GUI.cpp(595,88): warning C4244: 'argument': conversion from 'T' to 'sf::Uint8', possible loss of data
          with
          [
              T=float
          ]
D:\Programming\C++\CircuitSimulator_SFML\CirciutGUI\src\Circuit_GUI.cpp(631,39): warning C4244: 'argument': conversion from 'T' to 'sf::Uint8', possible loss of data
          with
          [
              T=float
          ]
D:\Programming\C++\CircuitSimulator_SFML\CirciutGUI\src\Circuit_GUI.cpp(630,32): warning C4244: 'argument': conversion from 'T' to 'sf::Uint8', possible loss of data
          with
          [
              T=float
          ]
D:\Programming\C++\CircuitSimulator_SFML\CirciutGUI\src\Circuit_GUI.cpp(629,66): warning C4244: 'argument': conversion from 'T' to 'sf::Uint8', possible loss of data
          with
          [
              T=float
          ]
D:\Programming\C++\CircuitSimulator_SFML\CirciutGUI\src\Circuit_GUI.cpp(633,16): warning C4267: 'initializing': conversion from 'size_t' to 'int', possible loss of data
D:\Programming\C++\CircuitSimulator_SFML\CirciutGUI\src\Circuit_GUI.cpp(741,15): warning C4267: 'initializing': conversion from 'size_t' to 'int', possible loss of data
D:\Programming\C++\CircuitSimulator_SFML\CirciutGUI\src\Circuit_GUI.cpp(743,15): warning C4244: 'initializing': conversion from '__int64' to 'int', possible loss of data
D:\Programming\C++\CircuitSimulator_SFML\CirciutGUI\src\Circuit_GUI.cpp(1003,46): warning C4244: '=': conversion from 'double' to 'int', possible loss of data
D:\Programming\C++\CircuitSimulator_SFML\CirciutGUI\src\Circuit_GUI.cpp(1005,51): warning C4244: '=': conversion from 'float' to 'int', possible loss of data
D:\Programming\C++\CircuitSimulator_SFML\CirciutGUI\src\Circuit_GUI.cpp(1031,69): warning C4244: 'argument': conversion from 'T' to 'T', possible loss of data
          with
          [
              T=unsigned int
          ]
          and
          [
              T=float
          ]
D:\Programming\C++\CircuitSimulator_SFML\CirciutGUI\src\Circuit_GUI.cpp(1031,48): warning C4244: 'argument': conversion from 'T' to 'T', possible loss of data
          with
          [
              T=unsigned int
          ]
          and
          [
              T=float
          ]
D:\Programming\C++\CircuitSimulator_SFML\CirciutGUI\src\Circuit_GUI.cpp(1081,31): warning C4244: 'argument': conversion from 'int' to 'T', possible loss of data
          with
          [
              T=float
          ]
D:\Programming\C++\CircuitSimulator_SFML\CirciutGUI\src\Circuit_GUI.cpp(1086,85): warning C4244: 'argument': conversion from 'int' to 'float', possible loss of data
D:\Programming\C++\CircuitSimulator_SFML\CirciutGUI\src\Circuit_GUI.cpp(1086,74): warning C4244: 'argument': conversion from 'int' to 'float', possible loss of data
D:\Programming\C++\CircuitSimulator_SFML\CirciutGUI\src\Circuit_GUI.cpp(1092,19): warning C4244: '=': conversion from 'int' to 'T', possible loss of data
          with
          [
              T=float
          ]
D:\Programming\C++\CircuitSimulator_SFML\CirciutGUI\src\Circuit_GUI.cpp(1097,91): warning C4244: 'argument': conversion from 'int' to 'float', possible loss of data
D:\Programming\C++\CircuitSimulator_SFML\CirciutGUI\src\Circuit_GUI.cpp(1097,27): warning C4244: 'argument': conversion from 'int' to 'float', possible loss of data
D:\Programming\C++\CircuitSimulator_SFML\CirciutGUI\src\Circuit_GUI.cpp(1143,49): warning C4244: 'argument': conversion from 'T' to 'float', possible loss of data
          with
          [
              T=unsigned int
          ]
D:\Programming\C++\CircuitSimulator_SFML\CirciutGUI\src\Circuit_GUI.cpp(1204,31): warning C4244: 'argument': conversion from 'int' to 'float', possible loss of data
D:\Programming\C++\CircuitSimulator_SFML\CirciutGUI\src\Circuit_GUI.cpp(1204,40): warning C4244: 'argument': conversion from 'int' to 'float', possible loss of data
D:\Programming\C++\CircuitSimulator_SFML\CirciutGUI\src\Circuit_GUI.cpp(1231,26): warning C4244: '=': conversion from 'int' to 'float', possible loss of data
D:\Programming\C++\CircuitSimulator_SFML\CirciutGUI\src\Circuit_GUI.cpp(1232,26): warning C4244: '=': conversion from 'int' to 'float', possible loss of data
D:\Programming\C++\CircuitSimulator_SFML\CirciutGUI\src\Circuit_GUI.cpp(1335,88): warning C4244: 'argument': conversion from 'T' to 'unsigned int', possible loss of data
          with
          [
              T=float
          ]
D:\Programming\C++\CircuitSimulator_SFML\CirciutGUI\src\Circuit_GUI.cpp(1335,47): warning C4244: 'argument': conversion from 'T' to 'unsigned int', possible loss of data
          with
          [
              T=float
          ]
D:\Programming\C++\CircuitSimulator_SFML\CirciutGUI\src\Circuit_GUI.cpp(1340,18): warning C4244: 'initializing': conversion from 'T' to 'int', possible loss of data
          with
          [
              T=float
          ]
D:\Programming\C++\CircuitSimulator_SFML\CirciutGUI\src\Circuit_GUI.cpp(1341,18): warning C4244: 'initializing': conversion from 'T' to 'int', possible loss of data
          with
          [
              T=float
          ]
D:\Programming\C++\CircuitSimulator_SFML\CirciutGUI\src\Circuit_GUI.cpp(1383,24): warning C4018: '<': signed/unsigned mismatch
D:\Programming\C++\CircuitSimulator_SFML\CirciutGUI\src\Circuit_GUI.cpp(1384,25): warning C4018: '<': signed/unsigned mismatch
D:\Programming\C++\CircuitSimulator_SFML\CirciutGUI\src\Circuit_GUI.cpp(1405,23): warning C4018: '<': signed/unsigned mismatch
D:\Programming\C++\CircuitSimulator_SFML\CirciutGUI\src\Circuit_GUI.cpp(1406,24): warning C4018: '<': signed/unsigned mismatch
D:\Programming\C++\CircuitSimulator_SFML\CirciutGUI\src\Circuit_GUI.cpp(1429,19): warning C4244: 'initializing': conversion from 'T' to 'int', possible loss of data
          with
          [
              T=float
          ]
D:\Programming\C++\CircuitSimulator_SFML\CirciutGUI\src\Circuit_GUI.cpp(1430,19): warning C4244: 'initializing': conversion from 'T' to 'int', possible loss of data
          with
          [
              T=float
          ]
D:\Programming\C++\CircuitSimulator_SFML\CirciutGUI\src\Circuit_GUI.cpp(1432,12): warning C4244: 'initializing': conversion from 'float' to 'int', possible loss of data
D:\Programming\C++\CircuitSimulator_SFML\CirciutGUI\src\Circuit_GUI.cpp(1433,12): warning C4244: 'initializing': conversion from 'float' to 'int', possible loss of data
D:\Programming\C++\CircuitSimulator_SFML\CirciutGUI\src\Circuit_GUI.cpp(1515,50): warning C4244: 'argument': conversion from 'int' to 'float', possible loss of data
D:\Programming\C++\CircuitSimulator_SFML\CirciutGUI\src\Circuit_GUI.cpp(1516,50): warning C4244: 'argument': conversion from 'int' to 'float', possible loss of data
D:\Programming\C++\CircuitSimulator_SFML\CirciutGUI\src\Circuit_GUI.cpp(1523,30): warning C4267: 'initializing': conversion from 'size_t' to 'int', possible loss of data
D:\Programming\C++\CircuitSimulator_SFML\CirciutGUI\src\Circuit_GUI.cpp(1530,59): warning C4244: 'argument': conversion from 'int' to 'float', possible loss of data
D:\Programming\C++\CircuitSimulator_SFML\CirciutGUI\src\Circuit_GUI.cpp(1530,68): warning C4244: 'argument': conversion from 'int' to 'float', possible loss of data
D:\Programming\C++\CircuitSimulator_SFML\CirciutGUI\src\Circuit_GUI.cpp(1553,34): warning C4244: 'argument': conversion from 'int' to 'T', possible loss of data
          with
          [
              T=float
          ]
D:\Programming\C++\CircuitSimulator_SFML\CirciutGUI\src\Circuit_GUI.cpp(1553,25): warning C4244: 'argument': conversion from 'int' to 'T', possible loss of data
          with
          [
              T=float
          ]
C:\Program Files\Microsoft Visual Studio\2022\Community\VC\Tools\MSVC\14.36.32532\include\xmemory(677,68): warning C4244: 'argument': conversion from 'int' to 'T', possible loss of data
          with
          [
              T=float
          ]
C:\Program Files\Microsoft Visual Studio\2022\Community\VC\Tools\MSVC\14.36.32532\include\vector(798,27): message : see reference to function template instantiation 'void std::_Default_allocator_traits<_Alloc>::construct<_Ty,int&,int&>(_Alloc &,_Objty *const ,int &,int &)' being compiled
          with
          [
              _Alloc=std::allocator<sf::Vector2f>,
              _Ty=sf::Vector2<float>,
              _Objty=sf::Vector2<float>
          ]
C:\Program Files\Microsoft Visual Studio\2022\Community\VC\Tools\MSVC\14.36.32532\include\vector(780,20): message : see reference to function template instantiation '_Ty &std::vector<_Ty,std::allocator<_Ty>>::_Emplace_back_with_unused_capacity<int&,int&>(int &,int &)' being compiled
          with
          [
              _Ty=sf::Vector2f
          ]
C:\Program Files\Microsoft Visual Studio\2022\Community\VC\Tools\MSVC\14.36.32532\include\vector(862,24): message : see reference to function template instantiation '_Ty &std::vector<_Ty,std::allocator<_Ty>>::_Emplace_one_at_back<int&,int&>(int &,int &)' being compiled
          with
          [
              _Ty=sf::Vector2f
          ]
D:\Programming\C++\CircuitSimulator_SFML\CirciutGUI\src\Circuit_GUI.cpp(305,12): message : see reference to function template instantiation '_Ty &std::vector<_Ty,std::allocator<_Ty>>::emplace_back<int&,int&>(int &,int &)' being compiled
          with
          [
              _Ty=sf::Vector2f
          ]
C:\Program Files\Microsoft Visual Studio\2022\Community\VC\Tools\MSVC\14.36.32532\include\xmemory(677,68): warning C4244: 'argument': conversion from '_Ty' to 'float', possible loss of data
          with
          [
              _Ty=int
          ]
C:\Program Files\Microsoft Visual Studio\2022\Community\VC\Tools\MSVC\14.36.32532\include\vector(798,27): message : see reference to function template instantiation 'void std::_Default_allocator_traits<_Alloc>::construct<_Ty,int&,float,float,int>(_Alloc &,_Objty *const ,int &,float &&,float &&,int &&)' being compiled
          with
          [
              _Alloc=std::allocator<Entity>,
              _Ty=Entity,
              _Objty=Entity
          ]
C:\Program Files\Microsoft Visual Studio\2022\Community\VC\Tools\MSVC\14.36.32532\include\vector(780,20): message : see reference to function template instantiation '_Ty &std::vector<_Ty,std::allocator<_Ty>>::_Emplace_back_with_unused_capacity<int&,float,float,int>(int &,float &&,float &&,int &&)' being compiled
          with
          [
              _Ty=Entity
          ]
C:\Program Files\Microsoft Visual Studio\2022\Community\VC\Tools\MSVC\14.36.32532\include\vector(862,24): message : see reference to function template instantiation '_Ty &std::vector<_Ty,std::allocator<_Ty>>::_Emplace_one_at_back<int&,float,float,int>(int &,float &&,float &&,int &&)' being compiled
          with
          [
              _Ty=Entity
          ]
D:\Programming\C++\CircuitSimulator_SFML\CirciutGUI\src\Circuit_GUI.cpp(1204,9): message : see reference to function template instantiation '_Ty &std::vector<_Ty,std::allocator<_Ty>>::emplace_back<int&,float,float,int>(int &,float &&,float &&,int &&)' being compiled
          with
          [
              _Ty=Entity
          ]
  Generating Code...
LINK : warning LNK4075: ignoring '/INCREMENTAL' due to '/PROFILE' specification
Circuit_Sim_main.obj : warning LNK4075: ignoring '/EDITANDCONTINUE' due to '/OPT:REF' specification
  CirciutGUI.vcxproj -> D:\Programming\C++\CircuitSimulator_SFML\CirciutGUI\bin\Debug-x64\CirciutGUI_x64_Debug.exe
