d:\programming\c++\circuitsimulator_sfml\circiutgui\bin-int\debug-x64\vc143.pdb
d:\programming\c++\circuitsimulator_sfml\circiutgui\bin-int\debug-x64\vc143.idb
d:\programming\c++\circuitsimulator_sfml\circiutgui\bin-int\debug-x64\circuit_item.obj
d:\programming\c++\circuitsimulator_sfml\circiutgui\bin-int\debug-x64\circuit_wire.obj
d:\programming\c++\circuitsimulator_sfml\circiutgui\bin-int\debug-x64\circuit_gui.obj
d:\programming\c++\circuitsimulator_sfml\circiutgui\bin-int\debug-x64\circuit_entity.obj
d:\programming\c++\circuitsimulator_sfml\circiutgui\bin-int\debug-x64\circiut_sim_main.obj
d:\programming\c++\circuitsimulator_sfml\circiutgui\bin-int\debug-x64\circiutgui.res
d:\programming\c++\circuitsimulator_sfml\circiutgui\bin\debug-x64\circiutgui.pdb
d:\programming\c++\circuitsimulator_sfml\circiutgui\bin-int\debug-x64\circiutgui.vcxproj.filelistabsolute.txt
d:\programming\c++\circuitsimulator_sfml\circiutgui\bin-int\debug-x64\circiutgui.tlog\cl.command.1.tlog
d:\programming\c++\circuitsimulator_sfml\circiutgui\bin-int\debug-x64\circiutgui.tlog\cl.read.1.tlog
d:\programming\c++\circuitsimulator_sfml\circiutgui\bin-int\debug-x64\circiutgui.tlog\cl.write.1.tlog
d:\programming\c++\circuitsimulator_sfml\circiutgui\bin-int\debug-x64\circiutgui.tlog\link-cvtres.read.1.tlog
d:\programming\c++\circuitsimulator_sfml\circiutgui\bin-int\debug-x64\circiutgui.tlog\link-cvtres.write.1.tlog
d:\programming\c++\circuitsimulator_sfml\circiutgui\bin-int\debug-x64\circiutgui.tlog\link-rc.read.1.tlog
d:\programming\c++\circuitsimulator_sfml\circiutgui\bin-int\debug-x64\circiutgui.tlog\link-rc.write.1.tlog
d:\programming\c++\circuitsimulator_sfml\circiutgui\bin-int\debug-x64\circiutgui.tlog\link.command.1.tlog
d:\programming\c++\circuitsimulator_sfml\circiutgui\bin-int\debug-x64\circiutgui.tlog\link.read.1.tlog
d:\programming\c++\circuitsimulator_sfml\circiutgui\bin-int\debug-x64\circiutgui.tlog\link.read.2.tlog
d:\programming\c++\circuitsimulator_sfml\circiutgui\bin-int\debug-x64\circiutgui.tlog\link.write.1.tlog
d:\programming\c++\circuitsimulator_sfml\circiutgui\bin-int\debug-x64\circiutgui.tlog\rc.command.1.tlog
d:\programming\c++\circuitsimulator_sfml\circiutgui\bin-int\debug-x64\circiutgui.tlog\rc.read.1.tlog
d:\programming\c++\circuitsimulator_sfml\circiutgui\bin-int\debug-x64\circiutgui.tlog\rc.write.1.tlog
