  Circuit_App.cpp
D:\Programming\C++\CircuitSimulator_SFML\CirciutGUI\src\Circuit_Entity.hpp(3,10): warning C4067: unexpected tokens following preprocessor directive - expected a newline
D:\Programming\C++\CircuitSimulator_SFML\CirciutGUI\src\Circuit_Windows_Stuff.hpp(17,20): warning C4018: '<': signed/unsigned mismatch
D:\Programming\C++\CircuitSimulator_SFML\CirciutGUI\src\Circuit_Windows_Stuff.hpp(49,20): warning C4018: '<': signed/unsigned mismatch
D:\Programming\C++\CircuitSimulator_SFML\CirciutGUI\src\Circuit_App.cpp(35,12): warning C4244: 'argument': conversion from 'time_t' to 'unsigned int', possible loss of data
D:\Programming\C++\CircuitSimulator_SFML\CirciutGUI\src\Circuit_App.cpp(139,19): warning C4244: 'argument': conversion from 'int' to 'T', possible loss of data
          with
          [
              T=float
          ]
D:\Programming\C++\CircuitSimulator_SFML\CirciutGUI\src\Circuit_App.cpp(138,19): warning C4244: 'argument': conversion from 'int' to 'T', possible loss of data
          with
          [
              T=float
          ]
D:\Programming\C++\CircuitSimulator_SFML\CirciutGUI\src\Circuit_App.cpp(137,29): warning C4244: 'argument': conversion from 'int' to 'T', possible loss of data
          with
          [
              T=float
          ]
D:\Programming\C++\CircuitSimulator_SFML\CirciutGUI\src\Circuit_App.cpp(136,29): warning C4244: 'argument': conversion from 'int' to 'T', possible loss of data
          with
          [
              T=float
          ]
D:\Programming\C++\CircuitSimulator_SFML\CirciutGUI\src\Circuit_App.cpp(167,37): warning C4244: 'initializing': conversion from 'const int' to 'float', possible loss of data
D:\Programming\C++\CircuitSimulator_SFML\CirciutGUI\src\Circuit_App.cpp(167,35): warning C4244: 'initializing': conversion from 'const int' to 'const float', possible loss of data
D:\Programming\C++\CircuitSimulator_SFML\CirciutGUI\src\Circuit_App.cpp(254,24): warning C4018: '<': signed/unsigned mismatch
D:\Programming\C++\CircuitSimulator_SFML\CirciutGUI\src\Circuit_App.cpp(254,48): warning C4018: '<': signed/unsigned mismatch
D:\Programming\C++\CircuitSimulator_SFML\CirciutGUI\src\Circuit_App.cpp(267,40): warning C4018: '<': signed/unsigned mismatch
D:\Programming\C++\CircuitSimulator_SFML\CirciutGUI\src\Circuit_App.cpp(306,30): warning C4018: '<=': signed/unsigned mismatch
D:\Programming\C++\CircuitSimulator_SFML\CirciutGUI\src\Circuit_App.cpp(430,24): warning C4018: '<': signed/unsigned mismatch
D:\Programming\C++\CircuitSimulator_SFML\CirciutGUI\src\Circuit_App.cpp(435,39): warning C4018: '<': signed/unsigned mismatch
D:\Programming\C++\CircuitSimulator_SFML\CirciutGUI\src\Circuit_App.cpp(729,23): warning C4018: '<': signed/unsigned mismatch
D:\Programming\C++\CircuitSimulator_SFML\CirciutGUI\src\Circuit_App.cpp(791,25): warning C4018: '<': signed/unsigned mismatch
D:\Programming\C++\CircuitSimulator_SFML\CirciutGUI\src\Circuit_App.cpp(920,28): warning C4305: 'initializing': truncation from 'double' to 'float'
D:\Programming\C++\CircuitSimulator_SFML\CirciutGUI\src\Circuit_App.cpp(1068,30): warning C4244: '=': conversion from 'int' to 'float', possible loss of data
D:\Programming\C++\CircuitSimulator_SFML\CirciutGUI\src\Circuit_App.cpp(1068,71): warning C4244: '=': conversion from 'int' to 'float', possible loss of data
D:\Programming\C++\CircuitSimulator_SFML\CirciutGUI\src\Circuit_App.cpp(1096,28): warning C4244: '=': conversion from 'int' to 'T', possible loss of data
          with
          [
              T=float
          ]
D:\Programming\C++\CircuitSimulator_SFML\CirciutGUI\src\Circuit_App.cpp(1097,29): warning C4244: '=': conversion from 'int' to 'T', possible loss of data
          with
          [
              T=float
          ]
D:\Programming\C++\CircuitSimulator_SFML\CirciutGUI\src\Circuit_App.cpp(1156,23): warning C4018: '<': signed/unsigned mismatch
D:\Programming\C++\CircuitSimulator_SFML\CirciutGUI\src\Circuit_App.cpp(1192,23): warning C4018: '<': signed/unsigned mismatch
D:\Programming\C++\CircuitSimulator_SFML\CirciutGUI\src\Circuit_App.cpp(1237,23): warning C4018: '<': signed/unsigned mismatch
D:\Programming\C++\CircuitSimulator_SFML\CirciutGUI\src\Circuit_App.cpp(1369,20): warning C4018: '<': signed/unsigned mismatch
D:\Programming\C++\CircuitSimulator_SFML\CirciutGUI\src\Circuit_App.cpp(1418,245): warning C4244: 'argument': conversion from 'const float' to 'int', possible loss of data
D:\Programming\C++\CircuitSimulator_SFML\CirciutGUI\src\Circuit_App.cpp(1418,241): warning C4244: 'argument': conversion from 'T' to 'float', possible loss of data
          with
          [
              T=int
          ]
D:\Programming\C++\CircuitSimulator_SFML\CirciutGUI\src\Circuit_App.cpp(1419,99): warning C4244: 'argument': conversion from 'const float' to 'int', possible loss of data
D:\Programming\C++\CircuitSimulator_SFML\CirciutGUI\src\Circuit_App.cpp(1419,95): warning C4244: 'argument': conversion from 'T' to 'float', possible loss of data
          with
          [
              T=int
          ]
C:\Program Files\Microsoft Visual Studio\2022\Community\VC\Tools\MSVC\14.36.32532\include\xmemory(677,68): warning C4244: 'argument': conversion from '_Ty' to 'float', possible loss of data
          with
          [
              _Ty=int
          ]
C:\Program Files\Microsoft Visual Studio\2022\Community\VC\Tools\MSVC\14.36.32532\include\vector(798,27): message : see reference to function template instantiation 'void std::_Default_allocator_traits<_Alloc>::construct<_Ty,int&,float&,float&,int>(_Alloc &,_Objty *const ,int &,float &,float &,int &&)' being compiled
          with
          [
              _Alloc=std::allocator<Entity>,
              _Ty=Entity,
              _Objty=Entity
          ]
C:\Program Files\Microsoft Visual Studio\2022\Community\VC\Tools\MSVC\14.36.32532\include\vector(780,20): message : see reference to function template instantiation '_Ty &std::vector<_Ty,std::allocator<_Ty>>::_Emplace_back_with_unused_capacity<int&,float&,float&,int>(int &,float &,float &,int &&)' being compiled
          with
          [
              _Ty=Entity
          ]
C:\Program Files\Microsoft Visual Studio\2022\Community\VC\Tools\MSVC\14.36.32532\include\vector(862,24): message : see reference to function template instantiation '_Ty &std::vector<_Ty,std::allocator<_Ty>>::_Emplace_one_at_back<int&,float&,float&,int>(int &,float &,float &,int &&)' being compiled
          with
          [
              _Ty=Entity
          ]
D:\Programming\C++\CircuitSimulator_SFML\CirciutGUI\src\Circuit_App.cpp(1054,9): message : see reference to function template instantiation '_Ty &std::vector<_Ty,std::allocator<_Ty>>::emplace_back<int&,float&,float&,int>(int &,float &,float &,int &&)' being compiled
          with
          [
              _Ty=Entity
          ]
  Circuit_Entity.cpp
D:\Programming\C++\CircuitSimulator_SFML\CirciutGUI\src\Circuit_Entity.hpp(3,10): warning C4067: unexpected tokens following preprocessor directive - expected a newline
D:\Programming\C++\CircuitSimulator_SFML\CirciutGUI\src\Circuit_Entity.cpp(80,58): warning C4244: 'argument': conversion from 'int' to 'float', possible loss of data
D:\Programming\C++\CircuitSimulator_SFML\CirciutGUI\src\Circuit_Entity.cpp(101,74): warning C4244: '=': conversion from 'int' to 'T', possible loss of data
          with
          [
              T=float
          ]
D:\Programming\C++\CircuitSimulator_SFML\CirciutGUI\src\Circuit_Entity.cpp(101,97): warning C4244: '=': conversion from 'int' to 'T', possible loss of data
          with
          [
              T=float
          ]
D:\Programming\C++\CircuitSimulator_SFML\CirciutGUI\src\Circuit_Entity.cpp(102,80): warning C4244: '=': conversion from 'int' to 'T', possible loss of data
          with
          [
              T=float
          ]
D:\Programming\C++\CircuitSimulator_SFML\CirciutGUI\src\Circuit_Entity.cpp(102,103): warning C4244: '=': conversion from 'int' to 'T', possible loss of data
          with
          [
              T=float
          ]
D:\Programming\C++\CircuitSimulator_SFML\CirciutGUI\src\Circuit_Entity.cpp(103,81): warning C4244: '=': conversion from 'int' to 'T', possible loss of data
          with
          [
              T=float
          ]
D:\Programming\C++\CircuitSimulator_SFML\CirciutGUI\src\Circuit_Entity.cpp(103,104): warning C4244: '=': conversion from 'int' to 'T', possible loss of data
          with
          [
              T=float
          ]
D:\Programming\C++\CircuitSimulator_SFML\CirciutGUI\src\Circuit_Entity.cpp(104,81): warning C4244: '=': conversion from 'int' to 'T', possible loss of data
          with
          [
              T=float
          ]
D:\Programming\C++\CircuitSimulator_SFML\CirciutGUI\src\Circuit_Entity.cpp(104,104): warning C4244: '=': conversion from 'int' to 'T', possible loss of data
          with
          [
              T=float
          ]
D:\Programming\C++\CircuitSimulator_SFML\CirciutGUI\src\Circuit_Entity.cpp(162,21): warning C4018: '<': signed/unsigned mismatch
  Circuit_GUI.cpp
D:\Programming\C++\CircuitSimulator_SFML\CirciutGUI\src\Circuit_Entity.hpp(3,10): warning C4067: unexpected tokens following preprocessor directive - expected a newline
D:\Programming\C++\CircuitSimulator_SFML\CirciutGUI\src\Circuit_GUI.cpp(59,38): warning C4018: '<': signed/unsigned mismatch
D:\Programming\C++\CircuitSimulator_SFML\CirciutGUI\src\Circuit_GUI.cpp(112,21): warning C4018: '<': signed/unsigned mismatch
D:\Programming\C++\CircuitSimulator_SFML\CirciutGUI\src\Circuit_GUI.cpp(113,21): warning C4018: '<': signed/unsigned mismatch
D:\Programming\C++\CircuitSimulator_SFML\CirciutGUI\src\Circuit_GUI.cpp(139,21): warning C4018: '<': signed/unsigned mismatch
D:\Programming\C++\CircuitSimulator_SFML\CirciutGUI\src\Circuit_GUI.cpp(143,21): warning C4018: '<': signed/unsigned mismatch
D:\Programming\C++\CircuitSimulator_SFML\CirciutGUI\src\Circuit_GUI.cpp(166,21): warning C4018: '<': signed/unsigned mismatch
D:\Programming\C++\CircuitSimulator_SFML\CirciutGUI\src\Circuit_GUI.cpp(170,21): warning C4018: '<': signed/unsigned mismatch
D:\Programming\C++\CircuitSimulator_SFML\CirciutGUI\src\Circuit_GUI.cpp(283,21): warning C4018: '<': signed/unsigned mismatch
D:\Programming\C++\CircuitSimulator_SFML\CirciutGUI\src\Circuit_GUI.cpp(304,22): warning C4018: '<': signed/unsigned mismatch
D:\Programming\C++\CircuitSimulator_SFML\CirciutGUI\src\Circuit_GUI.cpp(312,21): warning C4244: '=': conversion from 'float' to 'int', possible loss of data
D:\Programming\C++\CircuitSimulator_SFML\CirciutGUI\src\Circuit_GUI.cpp(313,21): warning C4244: '=': conversion from 'float' to 'int', possible loss of data
D:\Programming\C++\CircuitSimulator_SFML\CirciutGUI\src\Circuit_GUI.cpp(316,33): warning C4244: '=': conversion from 'T' to 'int', possible loss of data
          with
          [
              T=float
          ]
D:\Programming\C++\CircuitSimulator_SFML\CirciutGUI\src\Circuit_GUI.cpp(317,33): warning C4244: '=': conversion from 'T' to 'int', possible loss of data
          with
          [
              T=float
          ]
D:\Programming\C++\CircuitSimulator_SFML\CirciutGUI\src\Circuit_GUI.cpp(337,23): warning C4018: '<': signed/unsigned mismatch
D:\Programming\C++\CircuitSimulator_SFML\CirciutGUI\src\Circuit_GUI.cpp(386,22): warning C4018: '<': signed/unsigned mismatch
D:\Programming\C++\CircuitSimulator_SFML\CirciutGUI\src\Circuit_GUI.cpp(409,21): warning C4018: '<': signed/unsigned mismatch
D:\Programming\C++\CircuitSimulator_SFML\CirciutGUI\src\Circuit_GUI.cpp(430,22): warning C4018: '<': signed/unsigned mismatch
D:\Programming\C++\CircuitSimulator_SFML\CirciutGUI\src\Circuit_GUI.cpp(439,17): warning C4244: '=': conversion from 'float' to 'int', possible loss of data
D:\Programming\C++\CircuitSimulator_SFML\CirciutGUI\src\Circuit_GUI.cpp(440,17): warning C4244: '=': conversion from 'float' to 'int', possible loss of data
D:\Programming\C++\CircuitSimulator_SFML\CirciutGUI\src\Circuit_GUI.cpp(443,29): warning C4244: '=': conversion from 'T' to 'int', possible loss of data
          with
          [
              T=float
          ]
D:\Programming\C++\CircuitSimulator_SFML\CirciutGUI\src\Circuit_GUI.cpp(444,29): warning C4244: '=': conversion from 'T' to 'int', possible loss of data
          with
          [
              T=float
          ]
D:\Programming\C++\CircuitSimulator_SFML\CirciutGUI\src\Circuit_GUI.cpp(473,23): warning C4018: '<': signed/unsigned mismatch
D:\Programming\C++\CircuitSimulator_SFML\CirciutGUI\src\Circuit_GUI.cpp(526,22): warning C4018: '<': signed/unsigned mismatch
D:\Programming\C++\CircuitSimulator_SFML\CirciutGUI\src\Circuit_GUI.cpp(536,22): warning C4018: '<': signed/unsigned mismatch
D:\Programming\C++\CircuitSimulator_SFML\CirciutGUI\src\Circuit_GUI.cpp(554,21): warning C4018: '<': signed/unsigned mismatch
D:\Programming\C++\CircuitSimulator_SFML\CirciutGUI\src\Circuit_GUI.cpp(579,22): warning C4018: '<': signed/unsigned mismatch
D:\Programming\C++\CircuitSimulator_SFML\CirciutGUI\src\Circuit_GUI.cpp(588,17): warning C4244: '=': conversion from 'float' to 'int', possible loss of data
D:\Programming\C++\CircuitSimulator_SFML\CirciutGUI\src\Circuit_GUI.cpp(589,17): warning C4244: '=': conversion from 'float' to 'int', possible loss of data
D:\Programming\C++\CircuitSimulator_SFML\CirciutGUI\src\Circuit_GUI.cpp(592,29): warning C4244: '=': conversion from 'T' to 'int', possible loss of data
          with
          [
              T=float
          ]
D:\Programming\C++\CircuitSimulator_SFML\CirciutGUI\src\Circuit_GUI.cpp(593,29): warning C4244: '=': conversion from 'T' to 'int', possible loss of data
          with
          [
              T=float
          ]
D:\Programming\C++\CircuitSimulator_SFML\CirciutGUI\src\Circuit_GUI.cpp(608,23): warning C4018: '<': signed/unsigned mismatch
D:\Programming\C++\CircuitSimulator_SFML\CirciutGUI\src\Circuit_GUI.cpp(728,31): warning C4018: '<=': signed/unsigned mismatch
D:\Programming\C++\CircuitSimulator_SFML\CirciutGUI\src\Circuit_GUI.cpp(788,35): warning C4244: '=': conversion from 'int' to 'T', possible loss of data
          with
          [
              T=float
          ]
D:\Programming\C++\CircuitSimulator_SFML\CirciutGUI\src\Circuit_GUI.cpp(789,36): warning C4244: '=': conversion from 'int' to 'T', possible loss of data
          with
          [
              T=float
          ]
D:\Programming\C++\CircuitSimulator_SFML\CirciutGUI\src\Circuit_GUI.cpp(805,53): warning C4244: 'argument': conversion from 'T' to 'sf::Uint8', possible loss of data
          with
          [
              T=float
          ]
D:\Programming\C++\CircuitSimulator_SFML\CirciutGUI\src\Circuit_GUI.cpp(804,46): warning C4244: 'argument': conversion from 'T' to 'sf::Uint8', possible loss of data
          with
          [
              T=float
          ]
D:\Programming\C++\CircuitSimulator_SFML\CirciutGUI\src\Circuit_GUI.cpp(803,46): warning C4244: 'argument': conversion from 'T' to 'sf::Uint8', possible loss of data
          with
          [
              T=float
          ]
D:\Programming\C++\CircuitSimulator_SFML\CirciutGUI\src\Circuit_GUI.cpp(854,40): warning C4244: 'argument': conversion from 'T' to 'sf::Uint8', possible loss of data
          with
          [
              T=float
          ]
D:\Programming\C++\CircuitSimulator_SFML\CirciutGUI\src\Circuit_GUI.cpp(853,33): warning C4244: 'argument': conversion from 'T' to 'sf::Uint8', possible loss of data
          with
          [
              T=float
          ]
D:\Programming\C++\CircuitSimulator_SFML\CirciutGUI\src\Circuit_GUI.cpp(852,33): warning C4244: 'argument': conversion from 'T' to 'sf::Uint8', possible loss of data
          with
          [
              T=float
          ]
D:\Programming\C++\CircuitSimulator_SFML\CirciutGUI\src\Circuit_GUI.cpp(877,21): warning C4018: '<': signed/unsigned mismatch
D:\Programming\C++\CircuitSimulator_SFML\CirciutGUI\src\Circuit_GUI.cpp(942,23): warning C4018: '<=': signed/unsigned mismatch
D:\Programming\C++\CircuitSimulator_SFML\CirciutGUI\src\Circuit_GUI.cpp(961,24): warning C4018: '<=': signed/unsigned mismatch
D:\Programming\C++\CircuitSimulator_SFML\CirciutGUI\src\Circuit_GUI.cpp(993,15): warning C4018: '<': signed/unsigned mismatch
D:\Programming\C++\CircuitSimulator_SFML\CirciutGUI\src\Circuit_GUI.cpp(999,21): warning C4018: '<': signed/unsigned mismatch
D:\Programming\C++\CircuitSimulator_SFML\CirciutGUI\src\Circuit_GUI.cpp(1042,22): warning C4018: '<': signed/unsigned mismatch
D:\Programming\C++\CircuitSimulator_SFML\CirciutGUI\src\Circuit_GUI.cpp(1055,22): warning C4018: '<': signed/unsigned mismatch
D:\Programming\C++\CircuitSimulator_SFML\CirciutGUI\src\Circuit_GUI.cpp(1096,22): warning C4018: '<': signed/unsigned mismatch
D:\Programming\C++\CircuitSimulator_SFML\CirciutGUI\src\Circuit_GUI.cpp(1163,21): warning C4018: '<': signed/unsigned mismatch
D:\Programming\C++\CircuitSimulator_SFML\CirciutGUI\src\Circuit_GUI.cpp(1233,21): warning C4018: '<': signed/unsigned mismatch
D:\Programming\C++\CircuitSimulator_SFML\CirciutGUI\src\Circuit_GUI.cpp(1273,46): warning C4244: '=': conversion from 'double' to 'int', possible loss of data
D:\Programming\C++\CircuitSimulator_SFML\CirciutGUI\src\Circuit_GUI.cpp(1275,51): warning C4244: '=': conversion from 'float' to 'int', possible loss of data
D:\Programming\C++\CircuitSimulator_SFML\CirciutGUI\src\Circuit_GUI.cpp(1317,69): warning C4244: 'argument': conversion from 'T' to 'T', possible loss of data
          with
          [
              T=unsigned int
          ]
          and
          [
              T=float
          ]
D:\Programming\C++\CircuitSimulator_SFML\CirciutGUI\src\Circuit_GUI.cpp(1317,48): warning C4244: 'argument': conversion from 'T' to 'T', possible loss of data
          with
          [
              T=unsigned int
          ]
          and
          [
              T=float
          ]
D:\Programming\C++\CircuitSimulator_SFML\CirciutGUI\src\Circuit_GUI.cpp(1350,22): warning C4018: '<': signed/unsigned mismatch
D:\Programming\C++\CircuitSimulator_SFML\CirciutGUI\src\Circuit_GUI.cpp(1367,31): warning C4244: 'argument': conversion from 'int' to 'T', possible loss of data
          with
          [
              T=float
          ]
D:\Programming\C++\CircuitSimulator_SFML\CirciutGUI\src\Circuit_GUI.cpp(1371,22): warning C4018: '<': signed/unsigned mismatch
D:\Programming\C++\CircuitSimulator_SFML\CirciutGUI\src\Circuit_GUI.cpp(1372,85): warning C4244: 'argument': conversion from 'int' to 'float', possible loss of data
D:\Programming\C++\CircuitSimulator_SFML\CirciutGUI\src\Circuit_GUI.cpp(1372,74): warning C4244: 'argument': conversion from 'int' to 'float', possible loss of data
D:\Programming\C++\CircuitSimulator_SFML\CirciutGUI\src\Circuit_GUI.cpp(1378,19): warning C4244: '=': conversion from 'int' to 'T', possible loss of data
          with
          [
              T=float
          ]
D:\Programming\C++\CircuitSimulator_SFML\CirciutGUI\src\Circuit_GUI.cpp(1382,22): warning C4018: '<': signed/unsigned mismatch
D:\Programming\C++\CircuitSimulator_SFML\CirciutGUI\src\Circuit_GUI.cpp(1383,91): warning C4244: 'argument': conversion from 'int' to 'float', possible loss of data
D:\Programming\C++\CircuitSimulator_SFML\CirciutGUI\src\Circuit_GUI.cpp(1383,27): warning C4244: 'argument': conversion from 'int' to 'float', possible loss of data
D:\Programming\C++\CircuitSimulator_SFML\CirciutGUI\src\Circuit_GUI.cpp(1429,49): warning C4244: 'argument': conversion from 'T' to 'float', possible loss of data
          with
          [
              T=unsigned int
          ]
D:\Programming\C++\CircuitSimulator_SFML\CirciutGUI\src\Circuit_GUI.cpp(1493,31): warning C4244: 'argument': conversion from 'int' to 'float', possible loss of data
D:\Programming\C++\CircuitSimulator_SFML\CirciutGUI\src\Circuit_GUI.cpp(1493,40): warning C4244: 'argument': conversion from 'int' to 'float', possible loss of data
D:\Programming\C++\CircuitSimulator_SFML\CirciutGUI\src\Circuit_GUI.cpp(1518,22): warning C4018: '<': signed/unsigned mismatch
D:\Programming\C++\CircuitSimulator_SFML\CirciutGUI\src\Circuit_GUI.cpp(1520,26): warning C4244: '=': conversion from 'int' to 'float', possible loss of data
D:\Programming\C++\CircuitSimulator_SFML\CirciutGUI\src\Circuit_GUI.cpp(1521,26): warning C4244: '=': conversion from 'int' to 'float', possible loss of data
D:\Programming\C++\CircuitSimulator_SFML\CirciutGUI\src\Circuit_GUI.cpp(1572,33): warning C4018: '<': signed/unsigned mismatch
D:\Programming\C++\CircuitSimulator_SFML\CirciutGUI\src\Circuit_GUI.cpp(1624,88): warning C4244: 'argument': conversion from 'T' to 'unsigned int', possible loss of data
          with
          [
              T=float
          ]
D:\Programming\C++\CircuitSimulator_SFML\CirciutGUI\src\Circuit_GUI.cpp(1624,47): warning C4244: 'argument': conversion from 'T' to 'unsigned int', possible loss of data
          with
          [
              T=float
          ]
D:\Programming\C++\CircuitSimulator_SFML\CirciutGUI\src\Circuit_GUI.cpp(1630,18): warning C4244: 'initializing': conversion from 'T' to 'int', possible loss of data
          with
          [
              T=float
          ]
D:\Programming\C++\CircuitSimulator_SFML\CirciutGUI\src\Circuit_GUI.cpp(1631,18): warning C4244: 'initializing': conversion from 'T' to 'int', possible loss of data
          with
          [
              T=float
          ]
D:\Programming\C++\CircuitSimulator_SFML\CirciutGUI\src\Circuit_GUI.cpp(1673,24): warning C4018: '<': signed/unsigned mismatch
D:\Programming\C++\CircuitSimulator_SFML\CirciutGUI\src\Circuit_GUI.cpp(1674,25): warning C4018: '<': signed/unsigned mismatch
D:\Programming\C++\CircuitSimulator_SFML\CirciutGUI\src\Circuit_GUI.cpp(1695,23): warning C4018: '<': signed/unsigned mismatch
D:\Programming\C++\CircuitSimulator_SFML\CirciutGUI\src\Circuit_GUI.cpp(1696,24): warning C4018: '<': signed/unsigned mismatch
D:\Programming\C++\CircuitSimulator_SFML\CirciutGUI\src\Circuit_GUI.cpp(1719,19): warning C4244: 'initializing': conversion from 'T' to 'int', possible loss of data
          with
          [
              T=float
          ]
D:\Programming\C++\CircuitSimulator_SFML\CirciutGUI\src\Circuit_GUI.cpp(1720,19): warning C4244: 'initializing': conversion from 'T' to 'int', possible loss of data
          with
          [
              T=float
          ]
D:\Programming\C++\CircuitSimulator_SFML\CirciutGUI\src\Circuit_GUI.cpp(1722,12): warning C4244: 'initializing': conversion from 'float' to 'int', possible loss of data
D:\Programming\C++\CircuitSimulator_SFML\CirciutGUI\src\Circuit_GUI.cpp(1723,12): warning C4244: 'initializing': conversion from 'float' to 'int', possible loss of data
D:\Programming\C++\CircuitSimulator_SFML\CirciutGUI\src\Circuit_GUI.cpp(1749,33): warning C4018: '<': signed/unsigned mismatch
D:\Programming\C++\CircuitSimulator_SFML\CirciutGUI\src\Circuit_GUI.cpp(1794,27): warning C4018: '<': signed/unsigned mismatch
D:\Programming\C++\CircuitSimulator_SFML\CirciutGUI\src\Circuit_GUI.cpp(1803,50): warning C4244: 'argument': conversion from 'int' to 'float', possible loss of data
D:\Programming\C++\CircuitSimulator_SFML\CirciutGUI\src\Circuit_GUI.cpp(1804,50): warning C4244: 'argument': conversion from 'int' to 'float', possible loss of data
D:\Programming\C++\CircuitSimulator_SFML\CirciutGUI\src\Circuit_GUI.cpp(1815,60): warning C4018: '<=': signed/unsigned mismatch
D:\Programming\C++\CircuitSimulator_SFML\CirciutGUI\src\Circuit_GUI.cpp(1820,60): warning C4244: 'argument': conversion from 'int' to 'float', possible loss of data
D:\Programming\C++\CircuitSimulator_SFML\CirciutGUI\src\Circuit_GUI.cpp(1820,69): warning C4244: 'argument': conversion from 'int' to 'float', possible loss of data
D:\Programming\C++\CircuitSimulator_SFML\CirciutGUI\src\Circuit_GUI.cpp(1830,26): warning C4018: '<': signed/unsigned mismatch
D:\Programming\C++\CircuitSimulator_SFML\CirciutGUI\src\Circuit_GUI.cpp(1845,34): warning C4244: 'argument': conversion from 'int' to 'T', possible loss of data
          with
          [
              T=float
          ]
D:\Programming\C++\CircuitSimulator_SFML\CirciutGUI\src\Circuit_GUI.cpp(1845,25): warning C4244: 'argument': conversion from 'int' to 'T', possible loss of data
          with
          [
              T=float
          ]
D:\Programming\C++\CircuitSimulator_SFML\CirciutGUI\src\Circuit_GUI.cpp(1954,22): warning C4018: '<': signed/unsigned mismatch
C:\Program Files\Microsoft Visual Studio\2022\Community\VC\Tools\MSVC\14.36.32532\include\xmemory(677,68): warning C4244: 'argument': conversion from 'int' to 'T', possible loss of data
          with
          [
              T=float
          ]
C:\Program Files\Microsoft Visual Studio\2022\Community\VC\Tools\MSVC\14.36.32532\include\vector(798,27): message : see reference to function template instantiation 'void std::_Default_allocator_traits<_Alloc>::construct<_Ty,int&,int&>(_Alloc &,_Objty *const ,int &,int &)' being compiled
          with
          [
              _Alloc=std::allocator<sf::Vector2f>,
              _Ty=sf::Vector2<float>,
              _Objty=sf::Vector2<float>
          ]
C:\Program Files\Microsoft Visual Studio\2022\Community\VC\Tools\MSVC\14.36.32532\include\vector(780,20): message : see reference to function template instantiation '_Ty &std::vector<_Ty,std::allocator<_Ty>>::_Emplace_back_with_unused_capacity<int&,int&>(int &,int &)' being compiled
          with
          [
              _Ty=sf::Vector2f
          ]
C:\Program Files\Microsoft Visual Studio\2022\Community\VC\Tools\MSVC\14.36.32532\include\vector(862,24): message : see reference to function template instantiation '_Ty &std::vector<_Ty,std::allocator<_Ty>>::_Emplace_one_at_back<int&,int&>(int &,int &)' being compiled
          with
          [
              _Ty=sf::Vector2f
          ]
D:\Programming\C++\CircuitSimulator_SFML\CirciutGUI\src\Circuit_GUI.cpp(319,12): message : see reference to function template instantiation '_Ty &std::vector<_Ty,std::allocator<_Ty>>::emplace_back<int&,int&>(int &,int &)' being compiled
          with
          [
              _Ty=sf::Vector2f
          ]
C:\Program Files\Microsoft Visual Studio\2022\Community\VC\Tools\MSVC\14.36.32532\include\xmemory(677,68): warning C4244: 'argument': conversion from '_Ty' to 'float', possible loss of data
          with
          [
              _Ty=int
          ]
C:\Program Files\Microsoft Visual Studio\2022\Community\VC\Tools\MSVC\14.36.32532\include\vector(798,27): message : see reference to function template instantiation 'void std::_Default_allocator_traits<_Alloc>::construct<_Ty,int&,float,float,int>(_Alloc &,_Objty *const ,int &,float &&,float &&,int &&)' being compiled
          with
          [
              _Alloc=std::allocator<Entity>,
              _Ty=Entity,
              _Objty=Entity
          ]
C:\Program Files\Microsoft Visual Studio\2022\Community\VC\Tools\MSVC\14.36.32532\include\vector(780,20): message : see reference to function template instantiation '_Ty &std::vector<_Ty,std::allocator<_Ty>>::_Emplace_back_with_unused_capacity<int&,float,float,int>(int &,float &&,float &&,int &&)' being compiled
          with
          [
              _Ty=Entity
          ]
C:\Program Files\Microsoft Visual Studio\2022\Community\VC\Tools\MSVC\14.36.32532\include\vector(862,24): message : see reference to function template instantiation '_Ty &std::vector<_Ty,std::allocator<_Ty>>::_Emplace_one_at_back<int&,float,float,int>(int &,float &&,float &&,int &&)' being compiled
          with
          [
              _Ty=Entity
          ]
D:\Programming\C++\CircuitSimulator_SFML\CirciutGUI\src\Circuit_GUI.cpp(1493,9): message : see reference to function template instantiation '_Ty &std::vector<_Ty,std::allocator<_Ty>>::emplace_back<int&,float,float,int>(int &,float &&,float &&,int &&)' being compiled
          with
          [
              _Ty=Entity
          ]
  Circuit_Item.cpp
D:\Programming\C++\CircuitSimulator_SFML\CirciutGUI\src\Circuit_Entity.hpp(3,10): warning C4067: unexpected tokens following preprocessor directive - expected a newline
D:\Programming\C++\CircuitSimulator_SFML\CirciutGUI\src\Circuit_Item.cpp(46,58): warning C4244: 'argument': conversion from 'int' to 'float', possible loss of data
D:\Programming\C++\CircuitSimulator_SFML\CirciutGUI\src\Circuit_Item.cpp(176,21): warning C4018: '<': signed/unsigned mismatch
  Circuit_Sim_main.cpp
C:\Program Files\Microsoft Visual Studio\2022\Community\VC\Tools\MSVC\14.36.32532\include\xstring(2765,53): warning C4244: 'argument': conversion from 'wchar_t' to 'const _Elem', possible loss of data
          with
          [
              _Elem=char
          ]
C:\Program Files\Microsoft Visual Studio\2022\Community\VC\Tools\MSVC\14.36.32532\include\xstring(2621,17): message : see reference to function template instantiation 'void std::basic_string<char,std::char_traits<char>,std::allocator<char>>::_Construct_from_iter<wchar_t*,wchar_t*,_Size_type>(_Iter,const _Sent,_Size)' being compiled
          with
          [
              _Size_type=unsigned int,
              _Iter=wchar_t *,
              _Sent=wchar_t *,
              _Size=unsigned int
          ]
D:\Programming\C++\CircuitSimulator_SFML\CirciutGUI\src\Circuit_Sim_main.cpp(54,24): message : see reference to function template instantiation 'std::basic_string<char,std::char_traits<char>,std::allocator<char>>::basic_string<std::_String_iterator<std::_String_val<std::_Simple_types<_Elem>>>,0>(_Iter,_Iter,const _Alloc &)' being compiled
          with
          [
              _Elem=wchar_t,
              _Iter=std::_String_iterator<std::_String_val<std::_Simple_types<wchar_t>>>,
              _Alloc=std::allocator<char>
          ]
D:\Programming\C++\CircuitSimulator_SFML\CirciutGUI\src\Circuit_Sim_main.cpp(54,24): message : see the first reference to 'std::basic_string<char,std::char_traits<char>,std::allocator<char>>::basic_string' in 'WinMain'
  Circuit_Wire.cpp
D:\Programming\C++\CircuitSimulator_SFML\CirciutGUI\src\Circuit_Entity.hpp(3,10): warning C4067: unexpected tokens following preprocessor directive - expected a newline
D:\Programming\C++\CircuitSimulator_SFML\CirciutGUI\src\Circuit_Wire.cpp(33,54): warning C4244: 'argument': conversion from 'int' to 'float', possible loss of data
D:\Programming\C++\CircuitSimulator_SFML\CirciutGUI\src\Circuit_Wire.cpp(33,11): warning C4244: 'initializing': conversion from 'float' to 'int', possible loss of data
D:\Programming\C++\CircuitSimulator_SFML\CirciutGUI\src\Circuit_Wire.cpp(34,54): warning C4244: 'argument': conversion from 'int' to 'float', possible loss of data
D:\Programming\C++\CircuitSimulator_SFML\CirciutGUI\src\Circuit_Wire.cpp(34,11): warning C4244: 'initializing': conversion from 'float' to 'int', possible loss of data
D:\Programming\C++\CircuitSimulator_SFML\CirciutGUI\src\Circuit_Wire.cpp(39,48): warning C4244: 'argument': conversion from 'int' to 'T', possible loss of data
          with
          [
              T=float
          ]
D:\Programming\C++\CircuitSimulator_SFML\CirciutGUI\src\Circuit_Wire.cpp(43,39): warning C4244: 'argument': conversion from 'int' to 'T', possible loss of data
          with
          [
              T=float
          ]
D:\Programming\C++\CircuitSimulator_SFML\CirciutGUI\src\Circuit_Wire.cpp(155,18): warning C4244: 'argument': conversion from 'int' to 'float', possible loss of data
D:\Programming\C++\CircuitSimulator_SFML\CirciutGUI\src\Circuit_Wire.cpp(155,11): warning C4244: 'argument': conversion from 'int' to 'float', possible loss of data
D:\Programming\C++\CircuitSimulator_SFML\CirciutGUI\src\Circuit_Wire.cpp(171,31): warning C4244: 'argument': conversion from 'int' to 'float', possible loss of data
D:\Programming\C++\CircuitSimulator_SFML\CirciutGUI\src\Circuit_Wire.cpp(189,49): warning C4244: 'argument': conversion from '_Ty' to 'T', possible loss of data
          with
          [
              _Ty=int
          ]
          and
          [
              T=float
          ]
D:\Programming\C++\CircuitSimulator_SFML\CirciutGUI\src\Circuit_Wire.cpp(189,36): warning C4244: 'argument': conversion from '_Ty' to 'T', possible loss of data
          with
          [
              _Ty=int
          ]
          and
          [
              T=float
          ]
D:\Programming\C++\CircuitSimulator_SFML\CirciutGUI\src\Circuit_Wire.cpp(200,49): warning C4244: 'argument': conversion from '_Ty' to 'T', possible loss of data
          with
          [
              _Ty=int
          ]
          and
          [
              T=float
          ]
D:\Programming\C++\CircuitSimulator_SFML\CirciutGUI\src\Circuit_Wire.cpp(200,36): warning C4244: 'argument': conversion from '_Ty' to 'T', possible loss of data
          with
          [
              _Ty=int
          ]
          and
          [
              T=float
          ]
D:\Programming\C++\CircuitSimulator_SFML\CirciutGUI\src\Circuit_Wire.cpp(212,29): warning C4018: '<': signed/unsigned mismatch
D:\Programming\C++\CircuitSimulator_SFML\CirciutGUI\src\Circuit_Wire.cpp(217,56): warning C4244: 'argument': conversion from '_Ty' to 'T', possible loss of data
          with
          [
              _Ty=int
          ]
          and
          [
              T=float
          ]
D:\Programming\C++\CircuitSimulator_SFML\CirciutGUI\src\Circuit_Wire.cpp(224,37): warning C4244: 'argument': conversion from '_Ty' to 'T', possible loss of data
          with
          [
              _Ty=int
          ]
          and
          [
              T=float
          ]
D:\Programming\C++\CircuitSimulator_SFML\CirciutGUI\src\Circuit_Wire.cpp(280,9): warning C4244: 'initializing': conversion from 'const T' to 'int', possible loss of data
          with
          [
              T=float
          ]
D:\Programming\C++\CircuitSimulator_SFML\CirciutGUI\src\Circuit_Wire.cpp(281,9): warning C4244: 'initializing': conversion from 'const T' to 'int', possible loss of data
          with
          [
              T=float
          ]
D:\Programming\C++\CircuitSimulator_SFML\CirciutGUI\src\Circuit_Wire.cpp(317,10): warning C4244: 'initializing': conversion from 'const T' to 'int', possible loss of data
          with
          [
              T=float
          ]
D:\Programming\C++\CircuitSimulator_SFML\CirciutGUI\src\Circuit_Wire.cpp(318,10): warning C4244: 'initializing': conversion from 'const T' to 'int', possible loss of data
          with
          [
              T=float
          ]
D:\Programming\C++\CircuitSimulator_SFML\CirciutGUI\src\Circuit_Wire.cpp(322,16): warning C4244: '=': conversion from 'T' to 'int', possible loss of data
          with
          [
              T=float
          ]
D:\Programming\C++\CircuitSimulator_SFML\CirciutGUI\src\Circuit_Wire.cpp(323,15): warning C4244: '=': conversion from 'T' to 'int', possible loss of data
          with
          [
              T=float
          ]
D:\Programming\C++\CircuitSimulator_SFML\CirciutGUI\src\Circuit_Wire.cpp(324,17): warning C4244: '=': conversion from 'T' to 'int', possible loss of data
          with
          [
              T=float
          ]
D:\Programming\C++\CircuitSimulator_SFML\CirciutGUI\src\Circuit_Wire.cpp(325,18): warning C4244: '=': conversion from 'T' to 'int', possible loss of data
          with
          [
              T=float
          ]
D:\Programming\C++\CircuitSimulator_SFML\CirciutGUI\src\Circuit_Wire.cpp(347,9): warning C4244: 'initializing': conversion from 'const T' to 'int', possible loss of data
          with
          [
              T=float
          ]
D:\Programming\C++\CircuitSimulator_SFML\CirciutGUI\src\Circuit_Wire.cpp(348,9): warning C4244: 'initializing': conversion from 'const T' to 'int', possible loss of data
          with
          [
              T=float
          ]
D:\Programming\C++\CircuitSimulator_SFML\CirciutGUI\src\Circuit_Wire.cpp(356,37): warning C4244: '=': conversion from 'int' to 'T', possible loss of data
          with
          [
              T=float
          ]
D:\Programming\C++\CircuitSimulator_SFML\CirciutGUI\src\Circuit_Wire.cpp(357,37): warning C4244: '=': conversion from 'int' to 'T', possible loss of data
          with
          [
              T=float
          ]
D:\Programming\C++\CircuitSimulator_SFML\CirciutGUI\src\Circuit_Wire.cpp(358,34): warning C4244: '=': conversion from 'int' to 'T', possible loss of data
          with
          [
              T=float
          ]
D:\Programming\C++\CircuitSimulator_SFML\CirciutGUI\src\Circuit_Wire.cpp(359,35): warning C4244: '=': conversion from 'int' to 'T', possible loss of data
          with
          [
              T=float
          ]
D:\Programming\C++\CircuitSimulator_SFML\CirciutGUI\src\Circuit_Wire.cpp(361,41): warning C4244: '+=': conversion from 'T' to 'int', possible loss of data
          with
          [
              T=float
          ]
D:\Programming\C++\CircuitSimulator_SFML\CirciutGUI\src\Circuit_Wire.cpp(361,65): warning C4244: '=': conversion from 'T' to 'int', possible loss of data
          with
          [
              T=float
          ]
D:\Programming\C++\CircuitSimulator_SFML\CirciutGUI\src\Circuit_Wire.cpp(362,40): warning C4244: '+=': conversion from 'T' to 'int', possible loss of data
          with
          [
              T=float
          ]
D:\Programming\C++\CircuitSimulator_SFML\CirciutGUI\src\Circuit_Wire.cpp(362,62): warning C4244: '=': conversion from 'T' to 'int', possible loss of data
          with
          [
              T=float
          ]
D:\Programming\C++\CircuitSimulator_SFML\CirciutGUI\src\Circuit_Wire.cpp(363,71): warning C4244: '=': conversion from 'T' to 'int', possible loss of data
          with
          [
              T=float
          ]
D:\Programming\C++\CircuitSimulator_SFML\CirciutGUI\src\Circuit_Wire.cpp(364,70): warning C4244: '=': conversion from 'T' to 'int', possible loss of data
          with
          [
              T=float
          ]
D:\Programming\C++\CircuitSimulator_SFML\CirciutGUI\src\Circuit_Wire.cpp(369,14): warning C4244: '=': conversion from 'int' to 'T', possible loss of data
          with
          [
              T=float
          ]
D:\Programming\C++\CircuitSimulator_SFML\CirciutGUI\src\Circuit_Wire.cpp(370,13): warning C4244: '=': conversion from 'int' to 'T', possible loss of data
          with
          [
              T=float
          ]
D:\Programming\C++\CircuitSimulator_SFML\CirciutGUI\src\Circuit_Wire.cpp(371,15): warning C4244: '=': conversion from 'int' to 'T', possible loss of data
          with
          [
              T=float
          ]
D:\Programming\C++\CircuitSimulator_SFML\CirciutGUI\src\Circuit_Wire.cpp(372,16): warning C4244: '=': conversion from 'int' to 'T', possible loss of data
          with
          [
              T=float
          ]
D:\Programming\C++\CircuitSimulator_SFML\CirciutGUI\src\Circuit_Wire.cpp(416,21): warning C4018: '<': signed/unsigned mismatch
C:\Program Files\Microsoft Visual Studio\2022\Community\VC\Tools\MSVC\14.36.32532\include\xmemory(677,68): warning C4244: 'argument': conversion from '_Ty' to 'T', possible loss of data
          with
          [
              _Ty=int
          ]
          and
          [
              T=float
          ]
C:\Program Files\Microsoft Visual Studio\2022\Community\VC\Tools\MSVC\14.36.32532\include\vector(798,27): message : see reference to function template instantiation 'void std::_Default_allocator_traits<_Alloc>::construct<_Ty,int&,int&>(_Alloc &,_Objty *const ,int &,int &)' being compiled
          with
          [
              _Alloc=std::allocator<sf::Vector2f>,
              _Ty=sf::Vector2<float>,
              _Objty=sf::Vector2<float>
          ]
C:\Program Files\Microsoft Visual Studio\2022\Community\VC\Tools\MSVC\14.36.32532\include\vector(780,20): message : see reference to function template instantiation '_Ty &std::vector<_Ty,std::allocator<_Ty>>::_Emplace_back_with_unused_capacity<int&,int&>(int &,int &)' being compiled
          with
          [
              _Ty=sf::Vector2f
          ]
C:\Program Files\Microsoft Visual Studio\2022\Community\VC\Tools\MSVC\14.36.32532\include\vector(862,24): message : see reference to function template instantiation '_Ty &std::vector<_Ty,std::allocator<_Ty>>::_Emplace_one_at_back<int&,int&>(int &,int &)' being compiled
          with
          [
              _Ty=sf::Vector2f
          ]
D:\Programming\C++\CircuitSimulator_SFML\CirciutGUI\src\Circuit_Wire.cpp(186,15): message : see reference to function template instantiation '_Ty &std::vector<_Ty,std::allocator<_Ty>>::emplace_back<int&,int&>(int &,int &)' being compiled
          with
          [
              _Ty=sf::Vector2f
          ]
  Generating code
  107 of 4413 functions ( 2.4%) were compiled, the rest were copied from previous compilation.
    3 functions were new in current compilation
    64 functions had inline decision re-evaluated but remain unchanged
  Finished generating code
  CirciutGUI.vcxproj -> D:\Programming\C++\CircuitSimulator_SFML\CirciutGUI\bin\Release-Win32\CirciutGUI_x86_Release.exe
