d:\programming\c++\circuitsimulator_sfml\circiutgui\output-int\release-x64\vc143.pdb
d:\programming\c++\circuitsimulator_sfml\circiutgui\output-int\release-x64\circuit_wire.obj
d:\programming\c++\circuitsimulator_sfml\circiutgui\output-int\release-x64\circuit_entity.obj
d:\programming\c++\circuitsimulator_sfml\circiutgui\output-int\release-x64\circiut_sim_main.obj
d:\programming\c++\circuitsimulator_sfml\circiutgui\output-int\release-x64\imgui_widgets.obj
d:\programming\c++\circuitsimulator_sfml\circiutgui\output-int\release-x64\imgui_tables.obj
d:\programming\c++\circuitsimulator_sfml\circiutgui\output-int\release-x64\imgui_draw.obj
d:\programming\c++\circuitsimulator_sfml\circiutgui\output-int\release-x64\imgui.obj
d:\programming\c++\circuitsimulator_sfml\circiutgui\output-int\release-x64\imgui-sfml.obj
d:\programming\c++\circuitsimulator_sfml\circiutgui\output\release-x64\circiutgui.exe
d:\programming\c++\circuitsimulator_sfml\circiutgui\output-int\release-x64\circiutgui.ipdb
d:\programming\c++\circuitsimulator_sfml\circiutgui\output\release-x64\circiutgui.pdb
d:\programming\c++\circuitsimulator_sfml\circiutgui\output-int\release-x64\circiutgui.iobj
d:\programming\c++\circuitsimulator_sfml\circiutgui\output-int\release-x64\circiutgui.res
d:\programming\c++\circuitsimulator_sfml\circiutgui\output-int\release-x64\circiutgui.vcxproj.filelistabsolute.txt
d:\programming\c++\circuitsimulator_sfml\circiutgui\output-int\release-x64\circiutgui.tlog\cl.command.1.tlog
d:\programming\c++\circuitsimulator_sfml\circiutgui\output-int\release-x64\circiutgui.tlog\cl.read.1.tlog
d:\programming\c++\circuitsimulator_sfml\circiutgui\output-int\release-x64\circiutgui.tlog\cl.write.1.tlog
d:\programming\c++\circuitsimulator_sfml\circiutgui\output-int\release-x64\circiutgui.tlog\link.command.1.tlog
d:\programming\c++\circuitsimulator_sfml\circiutgui\output-int\release-x64\circiutgui.tlog\link.read.1.tlog
d:\programming\c++\circuitsimulator_sfml\circiutgui\output-int\release-x64\circiutgui.tlog\link.write.1.tlog
d:\programming\c++\circuitsimulator_sfml\circiutgui\output-int\release-x64\circiutgui.tlog\rc.command.1.tlog
d:\programming\c++\circuitsimulator_sfml\circiutgui\output-int\release-x64\circiutgui.tlog\rc.read.1.tlog
d:\programming\c++\circuitsimulator_sfml\circiutgui\output-int\release-x64\circiutgui.tlog\rc.write.1.tlog
