  Circuit_GUI.cpp
D:\Programming\C++\CircuitSimulator_SFML\CirciutGUI\src\Circuit_Entity.hpp(3,10): warning C4067: unexpected tokens following preprocessor directive - expected a newline
D:\Programming\C++\CircuitSimulator_SFML\CirciutGUI\src\Circuit_GUI.cpp(54,38): warning C4018: '<': signed/unsigned mismatch
D:\Programming\C++\CircuitSimulator_SFML\CirciutGUI\src\Circuit_GUI.cpp(107,21): warning C4018: '<': signed/unsigned mismatch
D:\Programming\C++\CircuitSimulator_SFML\CirciutGUI\src\Circuit_GUI.cpp(108,21): warning C4018: '<': signed/unsigned mismatch
D:\Programming\C++\CircuitSimulator_SFML\CirciutGUI\src\Circuit_GUI.cpp(132,21): warning C4018: '<': signed/unsigned mismatch
D:\Programming\C++\CircuitSimulator_SFML\CirciutGUI\src\Circuit_GUI.cpp(136,21): warning C4018: '<': signed/unsigned mismatch
D:\Programming\C++\CircuitSimulator_SFML\CirciutGUI\src\Circuit_GUI.cpp(159,21): warning C4018: '<': signed/unsigned mismatch
D:\Programming\C++\CircuitSimulator_SFML\CirciutGUI\src\Circuit_GUI.cpp(163,21): warning C4018: '<': signed/unsigned mismatch
D:\Programming\C++\CircuitSimulator_SFML\CirciutGUI\src\Circuit_GUI.cpp(185,21): warning C4018: '<': signed/unsigned mismatch
D:\Programming\C++\CircuitSimulator_SFML\CirciutGUI\src\Circuit_GUI.cpp(191,22): warning C4018: '<': signed/unsigned mismatch
D:\Programming\C++\CircuitSimulator_SFML\CirciutGUI\src\Circuit_GUI.cpp(195,21): warning C4018: '<': signed/unsigned mismatch
D:\Programming\C++\CircuitSimulator_SFML\CirciutGUI\src\Circuit_GUI.cpp(198,21): warning C4018: '<': signed/unsigned mismatch
D:\Programming\C++\CircuitSimulator_SFML\CirciutGUI\src\Circuit_GUI.cpp(202,21): warning C4018: '<': signed/unsigned mismatch
D:\Programming\C++\CircuitSimulator_SFML\CirciutGUI\src\Circuit_GUI.cpp(208,21): warning C4018: '<': signed/unsigned mismatch
D:\Programming\C++\CircuitSimulator_SFML\CirciutGUI\src\Circuit_GUI.cpp(232,25): warning C4018: '<': signed/unsigned mismatch
D:\Programming\C++\CircuitSimulator_SFML\CirciutGUI\src\Circuit_GUI.cpp(269,10): warning C4244: 'initializing': conversion from 'float' to 'int', possible loss of data
D:\Programming\C++\CircuitSimulator_SFML\CirciutGUI\src\Circuit_GUI.cpp(270,10): warning C4244: 'initializing': conversion from 'float' to 'int', possible loss of data
D:\Programming\C++\CircuitSimulator_SFML\CirciutGUI\src\Circuit_GUI.cpp(274,21): error C2398: Element '1': conversion from 'int' to 'T' requires a narrowing conversion
          with
          [
              T=float
          ]
D:\Programming\C++\CircuitSimulator_SFML\CirciutGUI\src\Circuit_GUI.cpp(274,35): error C2398: Element '2': conversion from 'int' to 'T' requires a narrowing conversion
          with
          [
              T=float
          ]
D:\Programming\C++\CircuitSimulator_SFML\CirciutGUI\src\Circuit_GUI.cpp(274,35): warning C4244: 'argument': conversion from 'int' to 'T', possible loss of data
          with
          [
              T=float
          ]
D:\Programming\C++\CircuitSimulator_SFML\CirciutGUI\src\Circuit_GUI.cpp(274,21): warning C4244: 'argument': conversion from 'int' to 'T', possible loss of data
          with
          [
              T=float
          ]
D:\Programming\C++\CircuitSimulator_SFML\CirciutGUI\src\Circuit_GUI.cpp(277,22): warning C4018: '<': signed/unsigned mismatch
D:\Programming\C++\CircuitSimulator_SFML\CirciutGUI\src\Circuit_GUI.cpp(350,60): warning C4244: '=': conversion from 'int' to 'T', possible loss of data
          with
          [
              T=float
          ]
D:\Programming\C++\CircuitSimulator_SFML\CirciutGUI\src\Circuit_GUI.cpp(350,101): warning C4244: '=': conversion from 'int' to 'T', possible loss of data
          with
          [
              T=float
          ]
D:\Programming\C++\CircuitSimulator_SFML\CirciutGUI\src\Circuit_GUI.cpp(351,60): warning C4244: '=': conversion from 'int' to 'T', possible loss of data
          with
          [
              T=float
          ]
D:\Programming\C++\CircuitSimulator_SFML\CirciutGUI\src\Circuit_GUI.cpp(351,101): warning C4244: '=': conversion from 'int' to 'T', possible loss of data
          with
          [
              T=float
          ]
D:\Programming\C++\CircuitSimulator_SFML\CirciutGUI\src\Circuit_GUI.cpp(352,60): warning C4244: '=': conversion from 'int' to 'T', possible loss of data
          with
          [
              T=float
          ]
D:\Programming\C++\CircuitSimulator_SFML\CirciutGUI\src\Circuit_GUI.cpp(352,101): warning C4244: '=': conversion from 'int' to 'T', possible loss of data
          with
          [
              T=float
          ]
D:\Programming\C++\CircuitSimulator_SFML\CirciutGUI\src\Circuit_GUI.cpp(353,60): warning C4244: '=': conversion from 'int' to 'T', possible loss of data
          with
          [
              T=float
          ]
D:\Programming\C++\CircuitSimulator_SFML\CirciutGUI\src\Circuit_GUI.cpp(353,101): warning C4244: '=': conversion from 'int' to 'T', possible loss of data
          with
          [
              T=float
          ]
D:\Programming\C++\CircuitSimulator_SFML\CirciutGUI\src\Circuit_GUI.cpp(360,52): warning C4244: 'argument': conversion from 'T' to 'sf::Uint8', possible loss of data
          with
          [
              T=float
          ]
D:\Programming\C++\CircuitSimulator_SFML\CirciutGUI\src\Circuit_GUI.cpp(359,45): warning C4244: 'argument': conversion from 'T' to 'sf::Uint8', possible loss of data
          with
          [
              T=float
          ]
D:\Programming\C++\CircuitSimulator_SFML\CirciutGUI\src\Circuit_GUI.cpp(358,88): warning C4244: 'argument': conversion from 'T' to 'sf::Uint8', possible loss of data
          with
          [
              T=float
          ]
D:\Programming\C++\CircuitSimulator_SFML\CirciutGUI\src\Circuit_GUI.cpp(394,39): warning C4244: 'argument': conversion from 'T' to 'sf::Uint8', possible loss of data
          with
          [
              T=float
          ]
D:\Programming\C++\CircuitSimulator_SFML\CirciutGUI\src\Circuit_GUI.cpp(393,32): warning C4244: 'argument': conversion from 'T' to 'sf::Uint8', possible loss of data
          with
          [
              T=float
          ]
D:\Programming\C++\CircuitSimulator_SFML\CirciutGUI\src\Circuit_GUI.cpp(392,66): warning C4244: 'argument': conversion from 'T' to 'sf::Uint8', possible loss of data
          with
          [
              T=float
          ]
D:\Programming\C++\CircuitSimulator_SFML\CirciutGUI\src\Circuit_GUI.cpp(415,21): warning C4018: '<': signed/unsigned mismatch
D:\Programming\C++\CircuitSimulator_SFML\CirciutGUI\src\Circuit_GUI.cpp(453,24): warning C4018: '<': signed/unsigned mismatch
D:\Programming\C++\CircuitSimulator_SFML\CirciutGUI\src\Circuit_GUI.cpp(462,24): warning C4018: '<': signed/unsigned mismatch
D:\Programming\C++\CircuitSimulator_SFML\CirciutGUI\src\Circuit_GUI.cpp(501,15): warning C4018: '<': signed/unsigned mismatch
D:\Programming\C++\CircuitSimulator_SFML\CirciutGUI\src\Circuit_GUI.cpp(506,21): warning C4018: '<': signed/unsigned mismatch
D:\Programming\C++\CircuitSimulator_SFML\CirciutGUI\src\Circuit_GUI.cpp(543,22): warning C4018: '<': signed/unsigned mismatch
D:\Programming\C++\CircuitSimulator_SFML\CirciutGUI\src\Circuit_GUI.cpp(556,22): warning C4018: '<': signed/unsigned mismatch
D:\Programming\C++\CircuitSimulator_SFML\CirciutGUI\src\Circuit_GUI.cpp(597,22): warning C4018: '<': signed/unsigned mismatch
D:\Programming\C++\CircuitSimulator_SFML\CirciutGUI\src\Circuit_GUI.cpp(635,21): warning C4018: '<': signed/unsigned mismatch
D:\Programming\C++\CircuitSimulator_SFML\CirciutGUI\src\Circuit_GUI.cpp(702,21): warning C4018: '<': signed/unsigned mismatch
D:\Programming\C++\CircuitSimulator_SFML\CirciutGUI\src\Circuit_GUI.cpp(752,46): warning C4244: '=': conversion from 'double' to 'int', possible loss of data
D:\Programming\C++\CircuitSimulator_SFML\CirciutGUI\src\Circuit_GUI.cpp(754,51): warning C4244: '=': conversion from 'float' to 'int', possible loss of data
D:\Programming\C++\CircuitSimulator_SFML\CirciutGUI\src\Circuit_GUI.cpp(781,69): warning C4244: 'argument': conversion from 'T' to 'T', possible loss of data
          with
          [
              T=unsigned int
          ]
          and
          [
              T=float
          ]
D:\Programming\C++\CircuitSimulator_SFML\CirciutGUI\src\Circuit_GUI.cpp(781,48): warning C4244: 'argument': conversion from 'T' to 'T', possible loss of data
          with
          [
              T=unsigned int
          ]
          and
          [
              T=float
          ]
D:\Programming\C++\CircuitSimulator_SFML\CirciutGUI\src\Circuit_GUI.cpp(814,22): warning C4018: '<': signed/unsigned mismatch
D:\Programming\C++\CircuitSimulator_SFML\CirciutGUI\src\Circuit_GUI.cpp(831,31): warning C4244: 'argument': conversion from 'int' to 'T', possible loss of data
          with
          [
              T=float
          ]
D:\Programming\C++\CircuitSimulator_SFML\CirciutGUI\src\Circuit_GUI.cpp(835,22): warning C4018: '<': signed/unsigned mismatch
D:\Programming\C++\CircuitSimulator_SFML\CirciutGUI\src\Circuit_GUI.cpp(836,85): warning C4244: 'argument': conversion from 'int' to 'float', possible loss of data
D:\Programming\C++\CircuitSimulator_SFML\CirciutGUI\src\Circuit_GUI.cpp(836,74): warning C4244: 'argument': conversion from 'int' to 'float', possible loss of data
D:\Programming\C++\CircuitSimulator_SFML\CirciutGUI\src\Circuit_GUI.cpp(842,19): warning C4244: '=': conversion from 'int' to 'T', possible loss of data
          with
          [
              T=float
          ]
D:\Programming\C++\CircuitSimulator_SFML\CirciutGUI\src\Circuit_GUI.cpp(846,22): warning C4018: '<': signed/unsigned mismatch
D:\Programming\C++\CircuitSimulator_SFML\CirciutGUI\src\Circuit_GUI.cpp(847,91): warning C4244: 'argument': conversion from 'int' to 'float', possible loss of data
D:\Programming\C++\CircuitSimulator_SFML\CirciutGUI\src\Circuit_GUI.cpp(847,27): warning C4244: 'argument': conversion from 'int' to 'float', possible loss of data
D:\Programming\C++\CircuitSimulator_SFML\CirciutGUI\src\Circuit_GUI.cpp(893,49): warning C4244: 'argument': conversion from 'T' to 'float', possible loss of data
          with
          [
              T=unsigned int
          ]
D:\Programming\C++\CircuitSimulator_SFML\CirciutGUI\src\Circuit_GUI.cpp(954,31): warning C4244: 'argument': conversion from 'int' to 'float', possible loss of data
D:\Programming\C++\CircuitSimulator_SFML\CirciutGUI\src\Circuit_GUI.cpp(954,40): warning C4244: 'argument': conversion from 'int' to 'float', possible loss of data
D:\Programming\C++\CircuitSimulator_SFML\CirciutGUI\src\Circuit_GUI.cpp(979,22): warning C4018: '<': signed/unsigned mismatch
D:\Programming\C++\CircuitSimulator_SFML\CirciutGUI\src\Circuit_GUI.cpp(981,26): warning C4244: '=': conversion from 'int' to 'float', possible loss of data
D:\Programming\C++\CircuitSimulator_SFML\CirciutGUI\src\Circuit_GUI.cpp(982,26): warning C4244: '=': conversion from 'int' to 'float', possible loss of data
D:\Programming\C++\CircuitSimulator_SFML\CirciutGUI\src\Circuit_GUI.cpp(1033,33): warning C4018: '<': signed/unsigned mismatch
D:\Programming\C++\CircuitSimulator_SFML\CirciutGUI\src\Circuit_GUI.cpp(1085,88): warning C4244: 'argument': conversion from 'T' to 'unsigned int', possible loss of data
          with
          [
              T=float
          ]
D:\Programming\C++\CircuitSimulator_SFML\CirciutGUI\src\Circuit_GUI.cpp(1085,47): warning C4244: 'argument': conversion from 'T' to 'unsigned int', possible loss of data
          with
          [
              T=float
          ]
D:\Programming\C++\CircuitSimulator_SFML\CirciutGUI\src\Circuit_GUI.cpp(1088,22): warning C4018: '<': signed/unsigned mismatch
D:\Programming\C++\CircuitSimulator_SFML\CirciutGUI\src\Circuit_GUI.cpp(1090,18): warning C4244: 'initializing': conversion from 'T' to 'int', possible loss of data
          with
          [
              T=float
          ]
D:\Programming\C++\CircuitSimulator_SFML\CirciutGUI\src\Circuit_GUI.cpp(1091,18): warning C4244: 'initializing': conversion from 'T' to 'int', possible loss of data
          with
          [
              T=float
          ]
D:\Programming\C++\CircuitSimulator_SFML\CirciutGUI\src\Circuit_GUI.cpp(1133,24): warning C4018: '<': signed/unsigned mismatch
D:\Programming\C++\CircuitSimulator_SFML\CirciutGUI\src\Circuit_GUI.cpp(1134,25): warning C4018: '<': signed/unsigned mismatch
D:\Programming\C++\CircuitSimulator_SFML\CirciutGUI\src\Circuit_GUI.cpp(1155,23): warning C4018: '<': signed/unsigned mismatch
D:\Programming\C++\CircuitSimulator_SFML\CirciutGUI\src\Circuit_GUI.cpp(1156,24): warning C4018: '<': signed/unsigned mismatch
D:\Programming\C++\CircuitSimulator_SFML\CirciutGUI\src\Circuit_GUI.cpp(1179,19): warning C4244: 'initializing': conversion from 'T' to 'int', possible loss of data
          with
          [
              T=float
          ]
D:\Programming\C++\CircuitSimulator_SFML\CirciutGUI\src\Circuit_GUI.cpp(1180,19): warning C4244: 'initializing': conversion from 'T' to 'int', possible loss of data
          with
          [
              T=float
          ]
D:\Programming\C++\CircuitSimulator_SFML\CirciutGUI\src\Circuit_GUI.cpp(1182,12): warning C4244: 'initializing': conversion from 'float' to 'int', possible loss of data
D:\Programming\C++\CircuitSimulator_SFML\CirciutGUI\src\Circuit_GUI.cpp(1183,12): warning C4244: 'initializing': conversion from 'float' to 'int', possible loss of data
D:\Programming\C++\CircuitSimulator_SFML\CirciutGUI\src\Circuit_GUI.cpp(1209,33): warning C4018: '<': signed/unsigned mismatch
D:\Programming\C++\CircuitSimulator_SFML\CirciutGUI\src\Circuit_GUI.cpp(1256,27): warning C4018: '<': signed/unsigned mismatch
D:\Programming\C++\CircuitSimulator_SFML\CirciutGUI\src\Circuit_GUI.cpp(1265,50): warning C4244: 'argument': conversion from 'int' to 'float', possible loss of data
D:\Programming\C++\CircuitSimulator_SFML\CirciutGUI\src\Circuit_GUI.cpp(1266,50): warning C4244: 'argument': conversion from 'int' to 'float', possible loss of data
D:\Programming\C++\CircuitSimulator_SFML\CirciutGUI\src\Circuit_GUI.cpp(1275,59): warning C4018: '<=': signed/unsigned mismatch
D:\Programming\C++\CircuitSimulator_SFML\CirciutGUI\src\Circuit_GUI.cpp(1280,59): warning C4244: 'argument': conversion from 'int' to 'float', possible loss of data
D:\Programming\C++\CircuitSimulator_SFML\CirciutGUI\src\Circuit_GUI.cpp(1280,68): warning C4244: 'argument': conversion from 'int' to 'float', possible loss of data
D:\Programming\C++\CircuitSimulator_SFML\CirciutGUI\src\Circuit_GUI.cpp(1290,25): warning C4018: '<': signed/unsigned mismatch
D:\Programming\C++\CircuitSimulator_SFML\CirciutGUI\src\Circuit_GUI.cpp(1303,34): warning C4244: 'argument': conversion from 'int' to 'T', possible loss of data
          with
          [
              T=float
          ]
D:\Programming\C++\CircuitSimulator_SFML\CirciutGUI\src\Circuit_GUI.cpp(1303,25): warning C4244: 'argument': conversion from 'int' to 'T', possible loss of data
          with
          [
              T=float
          ]
D:\Programming\C++\CircuitSimulator_SFML\CirciutGUI\src\Circuit_GUI.cpp(1328,22): warning C4018: '<': signed/unsigned mismatch
D:\Programming\C++\CircuitSimulator_SFML\CirciutGUI\src\Circuit_GUI.cpp(1351,22): warning C4018: '<': signed/unsigned mismatch
